<?xml version="1.0" encoding="UTF-8"?>
<testsuite name="KMC.KoreaMusicChart.service.Song.MelonSongServiceTest" tests="3" skipped="0" failures="0" errors="0" timestamp="2022-11-13T06:16:44" hostname="nagyeong-aui-MacBookPro.local" time="1.584">
  <properties/>
  <testcase name="곡등록" classname="KMC.KoreaMusicChart.service.Song.MelonSongServiceTest" time="0.373"/>
  <testcase name="이름과앨범으로찾기" classname="KMC.KoreaMusicChart.service.Song.MelonSongServiceTest" time="0.749"/>
  <testcase name="중복_곡_예외" classname="KMC.KoreaMusicChart.service.Song.MelonSongServiceTest" time="0.461"/>
  <system-out><![CDATA[2022-11-13 15:16:44.700  INFO 41132 --- [    Test worker] o.s.t.c.transaction.TransactionContext   : Began transaction (1) for test context [DefaultTestContext@39d62e47 testClass = MelonSongServiceTest, testInstance = KMC.KoreaMusicChart.service.Song.MelonSongServiceTest@1ced1fb9, testMethod = 곡등록@MelonSongServiceTest, testException = [null], mergedContextConfiguration = [WebMergedContextConfiguration@5d28e108 testClass = MelonSongServiceTest, locations = '{}', classes = '{class KMC.KoreaMusicChart.KoreaMusicChartApplication}', contextInitializerClasses = '[]', activeProfiles = '{}', propertySourceLocations = '{}', propertySourceProperties = '{org.springframework.boot.test.context.SpringBootTestContextBootstrapper=true}', contextCustomizers = set[org.springframework.boot.test.autoconfigure.actuate.metrics.MetricsExportContextCustomizerFactory$DisableMetricExportContextCustomizer@4212a0c8, org.springframework.boot.test.autoconfigure.properties.PropertyMappingContextCustomizer@0, org.springframework.boot.test.autoconfigure.web.servlet.WebDriverContextCustomizerFactory$Customizer@4189d70b, org.springframework.boot.test.context.filter.ExcludeFilterContextCustomizer@320de594, org.springframework.boot.test.json.DuplicateJsonObjectContextCustomizerFactory$DuplicateJsonObjectContextCustomizer@2974f221, org.springframework.boot.test.mock.mockito.MockitoContextCustomizer@0, org.springframework.boot.test.web.client.TestRestTemplateContextCustomizer@5dd91bca, org.springframework.boot.test.context.SpringBootTestArgs@1, org.springframework.boot.test.context.SpringBootTestWebEnvironment@2eea88a1], resourceBasePath = 'src/main/webapp', contextLoader = 'org.springframework.boot.test.context.SpringBootContextLoader', parent = [null]], attributes = map['org.springframework.test.context.web.ServletTestExecutionListener.activateListener' -> true, 'org.springframework.test.context.web.ServletTestExecutionListener.populatedRequestContextHolder' -> true, 'org.springframework.test.context.web.ServletTestExecutionListener.resetRequestContextHolder' -> true, 'org.springframework.test.context.event.ApplicationEventsTestExecutionListener.recordApplicationEvents' -> false]]; transaction manager [org.springframework.orm.jpa.JpaTransactionManager@294b045b]; rollback [true]
2022-11-13 15:16:44.703 DEBUG 41132 --- [    Test worker] org.hibernate.SQL                        : 
    select
        melonsong0_.melon_song_id as melon_so1_18_,
        melonsong0_.album as album2_18_,
        melonsong0_.image_url as image_ur3_18_,
        melonsong0_.melon_id as melon_id4_18_,
        melonsong0_.name as name5_18_ 
    from
        melon_song melonsong0_ 
    where
        melonsong0_.name=? 
        and melonsong0_.album=?
2022-11-13 15:16:44.783 DEBUG 41132 --- [    Test worker] org.hibernate.SQL                        : 
    select
        next_val as id_val 
    from
        hibernate_sequence for update
            
2022-11-13 15:16:44.824 DEBUG 41132 --- [    Test worker] org.hibernate.SQL                        : 
    update
        hibernate_sequence 
    set
        next_val= ? 
    where
        next_val=?
2022-11-13 15:16:45.032  INFO 41132 --- [    Test worker] o.s.t.c.transaction.TransactionContext   : Rolled back transaction for test: [DefaultTestContext@39d62e47 testClass = MelonSongServiceTest, testInstance = KMC.KoreaMusicChart.service.Song.MelonSongServiceTest@1ced1fb9, testMethod = 곡등록@MelonSongServiceTest, testException = [null], mergedContextConfiguration = [WebMergedContextConfiguration@5d28e108 testClass = MelonSongServiceTest, locations = '{}', classes = '{class KMC.KoreaMusicChart.KoreaMusicChartApplication}', contextInitializerClasses = '[]', activeProfiles = '{}', propertySourceLocations = '{}', propertySourceProperties = '{org.springframework.boot.test.context.SpringBootTestContextBootstrapper=true}', contextCustomizers = set[org.springframework.boot.test.autoconfigure.actuate.metrics.MetricsExportContextCustomizerFactory$DisableMetricExportContextCustomizer@4212a0c8, org.springframework.boot.test.autoconfigure.properties.PropertyMappingContextCustomizer@0, org.springframework.boot.test.autoconfigure.web.servlet.WebDriverContextCustomizerFactory$Customizer@4189d70b, org.springframework.boot.test.context.filter.ExcludeFilterContextCustomizer@320de594, org.springframework.boot.test.json.DuplicateJsonObjectContextCustomizerFactory$DuplicateJsonObjectContextCustomizer@2974f221, org.springframework.boot.test.mock.mockito.MockitoContextCustomizer@0, org.springframework.boot.test.web.client.TestRestTemplateContextCustomizer@5dd91bca, org.springframework.boot.test.context.SpringBootTestArgs@1, org.springframework.boot.test.context.SpringBootTestWebEnvironment@2eea88a1], resourceBasePath = 'src/main/webapp', contextLoader = 'org.springframework.boot.test.context.SpringBootContextLoader', parent = [null]], attributes = map['org.springframework.test.context.web.ServletTestExecutionListener.activateListener' -> true, 'org.springframework.test.context.web.ServletTestExecutionListener.populatedRequestContextHolder' -> true, 'org.springframework.test.context.web.ServletTestExecutionListener.resetRequestContextHolder' -> true, 'org.springframework.test.context.event.ApplicationEventsTestExecutionListener.recordApplicationEvents' -> false]]
2022-11-13 15:16:45.074  INFO 41132 --- [    Test worker] o.s.t.c.transaction.TransactionContext   : Began transaction (1) for test context [DefaultTestContext@39d62e47 testClass = MelonSongServiceTest, testInstance = KMC.KoreaMusicChart.service.Song.MelonSongServiceTest@88fe9a8, testMethod = 이름과앨범으로찾기@MelonSongServiceTest, testException = [null], mergedContextConfiguration = [WebMergedContextConfiguration@5d28e108 testClass = MelonSongServiceTest, locations = '{}', classes = '{class KMC.KoreaMusicChart.KoreaMusicChartApplication}', contextInitializerClasses = '[]', activeProfiles = '{}', propertySourceLocations = '{}', propertySourceProperties = '{org.springframework.boot.test.context.SpringBootTestContextBootstrapper=true}', contextCustomizers = set[org.springframework.boot.test.autoconfigure.actuate.metrics.MetricsExportContextCustomizerFactory$DisableMetricExportContextCustomizer@4212a0c8, org.springframework.boot.test.autoconfigure.properties.PropertyMappingContextCustomizer@0, org.springframework.boot.test.autoconfigure.web.servlet.WebDriverContextCustomizerFactory$Customizer@4189d70b, org.springframework.boot.test.context.filter.ExcludeFilterContextCustomizer@320de594, org.springframework.boot.test.json.DuplicateJsonObjectContextCustomizerFactory$DuplicateJsonObjectContextCustomizer@2974f221, org.springframework.boot.test.mock.mockito.MockitoContextCustomizer@0, org.springframework.boot.test.web.client.TestRestTemplateContextCustomizer@5dd91bca, org.springframework.boot.test.context.SpringBootTestArgs@1, org.springframework.boot.test.context.SpringBootTestWebEnvironment@2eea88a1], resourceBasePath = 'src/main/webapp', contextLoader = 'org.springframework.boot.test.context.SpringBootContextLoader', parent = [null]], attributes = map['org.springframework.test.context.web.ServletTestExecutionListener.activateListener' -> true, 'org.springframework.test.context.web.ServletTestExecutionListener.populatedRequestContextHolder' -> true, 'org.springframework.test.context.web.ServletTestExecutionListener.resetRequestContextHolder' -> true, 'org.springframework.test.context.event.ApplicationEventsTestExecutionListener.recordApplicationEvents' -> false]]; transaction manager [org.springframework.orm.jpa.JpaTransactionManager@294b045b]; rollback [true]
2022-11-13 15:16:45.075 DEBUG 41132 --- [    Test worker] org.hibernate.SQL                        : 
    select
        melonsong0_.melon_song_id as melon_so1_18_,
        melonsong0_.album as album2_18_,
        melonsong0_.image_url as image_ur3_18_,
        melonsong0_.melon_id as melon_id4_18_,
        melonsong0_.name as name5_18_ 
    from
        melon_song melonsong0_ 
    where
        melonsong0_.name=? 
        and melonsong0_.album=?
2022-11-13 15:16:45.156 DEBUG 41132 --- [    Test worker] org.hibernate.SQL                        : 
    select
        next_val as id_val 
    from
        hibernate_sequence for update
            
2022-11-13 15:16:45.197 DEBUG 41132 --- [    Test worker] org.hibernate.SQL                        : 
    update
        hibernate_sequence 
    set
        next_val= ? 
    where
        next_val=?
2022-11-13 15:16:45.326 DEBUG 41132 --- [    Test worker] org.hibernate.SQL                        : 
    insert 
    into
        melon_song
        (album, image_url, melon_id, name, melon_song_id) 
    values
        (?, ?, ?, ?, ?)
2022-11-13 15:16:45.366 DEBUG 41132 --- [    Test worker] org.hibernate.SQL                        : 
    select
        melonsong0_.melon_song_id as melon_so1_18_,
        melonsong0_.album as album2_18_,
        melonsong0_.image_url as image_ur3_18_,
        melonsong0_.melon_id as melon_id4_18_,
        melonsong0_.name as name5_18_ 
    from
        melon_song melonsong0_ 
    where
        melonsong0_.name=? 
        and melonsong0_.album=?
2022-11-13 15:16:45.446 DEBUG 41132 --- [    Test worker] org.hibernate.SQL                        : 
    select
        next_val as id_val 
    from
        hibernate_sequence for update
            
2022-11-13 15:16:45.487 DEBUG 41132 --- [    Test worker] org.hibernate.SQL                        : 
    update
        hibernate_sequence 
    set
        next_val= ? 
    where
        next_val=?
2022-11-13 15:16:45.617 DEBUG 41132 --- [    Test worker] org.hibernate.SQL                        : 
    insert 
    into
        melon_song
        (album, image_url, melon_id, name, melon_song_id) 
    values
        (?, ?, ?, ?, ?)
2022-11-13 15:16:45.658 DEBUG 41132 --- [    Test worker] org.hibernate.SQL                        : 
    select
        melonsong0_.melon_song_id as melon_so1_18_,
        melonsong0_.album as album2_18_,
        melonsong0_.image_url as image_ur3_18_,
        melonsong0_.melon_id as melon_id4_18_,
        melonsong0_.name as name5_18_ 
    from
        melon_song melonsong0_ 
    where
        melonsong0_.name=? 
        and melonsong0_.album=?
2022-11-13 15:16:45.782  INFO 41132 --- [    Test worker] o.s.t.c.transaction.TransactionContext   : Rolled back transaction for test: [DefaultTestContext@39d62e47 testClass = MelonSongServiceTest, testInstance = KMC.KoreaMusicChart.service.Song.MelonSongServiceTest@88fe9a8, testMethod = 이름과앨범으로찾기@MelonSongServiceTest, testException = [null], mergedContextConfiguration = [WebMergedContextConfiguration@5d28e108 testClass = MelonSongServiceTest, locations = '{}', classes = '{class KMC.KoreaMusicChart.KoreaMusicChartApplication}', contextInitializerClasses = '[]', activeProfiles = '{}', propertySourceLocations = '{}', propertySourceProperties = '{org.springframework.boot.test.context.SpringBootTestContextBootstrapper=true}', contextCustomizers = set[org.springframework.boot.test.autoconfigure.actuate.metrics.MetricsExportContextCustomizerFactory$DisableMetricExportContextCustomizer@4212a0c8, org.springframework.boot.test.autoconfigure.properties.PropertyMappingContextCustomizer@0, org.springframework.boot.test.autoconfigure.web.servlet.WebDriverContextCustomizerFactory$Customizer@4189d70b, org.springframework.boot.test.context.filter.ExcludeFilterContextCustomizer@320de594, org.springframework.boot.test.json.DuplicateJsonObjectContextCustomizerFactory$DuplicateJsonObjectContextCustomizer@2974f221, org.springframework.boot.test.mock.mockito.MockitoContextCustomizer@0, org.springframework.boot.test.web.client.TestRestTemplateContextCustomizer@5dd91bca, org.springframework.boot.test.context.SpringBootTestArgs@1, org.springframework.boot.test.context.SpringBootTestWebEnvironment@2eea88a1], resourceBasePath = 'src/main/webapp', contextLoader = 'org.springframework.boot.test.context.SpringBootContextLoader', parent = [null]], attributes = map['org.springframework.test.context.web.ServletTestExecutionListener.activateListener' -> true, 'org.springframework.test.context.web.ServletTestExecutionListener.populatedRequestContextHolder' -> true, 'org.springframework.test.context.web.ServletTestExecutionListener.resetRequestContextHolder' -> true, 'org.springframework.test.context.event.ApplicationEventsTestExecutionListener.recordApplicationEvents' -> false]]
2022-11-13 15:16:45.824  INFO 41132 --- [    Test worker] o.s.t.c.transaction.TransactionContext   : Began transaction (1) for test context [DefaultTestContext@39d62e47 testClass = MelonSongServiceTest, testInstance = KMC.KoreaMusicChart.service.Song.MelonSongServiceTest@68823b6b, testMethod = 중복_곡_예외@MelonSongServiceTest, testException = [null], mergedContextConfiguration = [WebMergedContextConfiguration@5d28e108 testClass = MelonSongServiceTest, locations = '{}', classes = '{class KMC.KoreaMusicChart.KoreaMusicChartApplication}', contextInitializerClasses = '[]', activeProfiles = '{}', propertySourceLocations = '{}', propertySourceProperties = '{org.springframework.boot.test.context.SpringBootTestContextBootstrapper=true}', contextCustomizers = set[org.springframework.boot.test.autoconfigure.actuate.metrics.MetricsExportContextCustomizerFactory$DisableMetricExportContextCustomizer@4212a0c8, org.springframework.boot.test.autoconfigure.properties.PropertyMappingContextCustomizer@0, org.springframework.boot.test.autoconfigure.web.servlet.WebDriverContextCustomizerFactory$Customizer@4189d70b, org.springframework.boot.test.context.filter.ExcludeFilterContextCustomizer@320de594, org.springframework.boot.test.json.DuplicateJsonObjectContextCustomizerFactory$DuplicateJsonObjectContextCustomizer@2974f221, org.springframework.boot.test.mock.mockito.MockitoContextCustomizer@0, org.springframework.boot.test.web.client.TestRestTemplateContextCustomizer@5dd91bca, org.springframework.boot.test.context.SpringBootTestArgs@1, org.springframework.boot.test.context.SpringBootTestWebEnvironment@2eea88a1], resourceBasePath = 'src/main/webapp', contextLoader = 'org.springframework.boot.test.context.SpringBootContextLoader', parent = [null]], attributes = map['org.springframework.test.context.web.ServletTestExecutionListener.activateListener' -> true, 'org.springframework.test.context.web.ServletTestExecutionListener.populatedRequestContextHolder' -> true, 'org.springframework.test.context.web.ServletTestExecutionListener.resetRequestContextHolder' -> true, 'org.springframework.test.context.event.ApplicationEventsTestExecutionListener.recordApplicationEvents' -> false]]; transaction manager [org.springframework.orm.jpa.JpaTransactionManager@294b045b]; rollback [true]
2022-11-13 15:16:45.825 DEBUG 41132 --- [    Test worker] org.hibernate.SQL                        : 
    select
        melonsong0_.melon_song_id as melon_so1_18_,
        melonsong0_.album as album2_18_,
        melonsong0_.image_url as image_ur3_18_,
        melonsong0_.melon_id as melon_id4_18_,
        melonsong0_.name as name5_18_ 
    from
        melon_song melonsong0_ 
    where
        melonsong0_.name=? 
        and melonsong0_.album=?
2022-11-13 15:16:45.908 DEBUG 41132 --- [    Test worker] org.hibernate.SQL                        : 
    select
        next_val as id_val 
    from
        hibernate_sequence for update
            
2022-11-13 15:16:45.949 DEBUG 41132 --- [    Test worker] org.hibernate.SQL                        : 
    update
        hibernate_sequence 
    set
        next_val= ? 
    where
        next_val=?
2022-11-13 15:16:46.080 DEBUG 41132 --- [    Test worker] org.hibernate.SQL                        : 
    insert 
    into
        melon_song
        (album, image_url, melon_id, name, melon_song_id) 
    values
        (?, ?, ?, ?, ?)
2022-11-13 15:16:46.121 DEBUG 41132 --- [    Test worker] org.hibernate.SQL                        : 
    select
        melonsong0_.melon_song_id as melon_so1_18_,
        melonsong0_.album as album2_18_,
        melonsong0_.image_url as image_ur3_18_,
        melonsong0_.melon_id as melon_id4_18_,
        melonsong0_.name as name5_18_ 
    from
        melon_song melonsong0_ 
    where
        melonsong0_.name=? 
        and melonsong0_.album=?
2022-11-13 15:16:46.244  INFO 41132 --- [    Test worker] o.s.t.c.transaction.TransactionContext   : Rolled back transaction for test: [DefaultTestContext@39d62e47 testClass = MelonSongServiceTest, testInstance = KMC.KoreaMusicChart.service.Song.MelonSongServiceTest@68823b6b, testMethod = 중복_곡_예외@MelonSongServiceTest, testException = [null], mergedContextConfiguration = [WebMergedContextConfiguration@5d28e108 testClass = MelonSongServiceTest, locations = '{}', classes = '{class KMC.KoreaMusicChart.KoreaMusicChartApplication}', contextInitializerClasses = '[]', activeProfiles = '{}', propertySourceLocations = '{}', propertySourceProperties = '{org.springframework.boot.test.context.SpringBootTestContextBootstrapper=true}', contextCustomizers = set[org.springframework.boot.test.autoconfigure.actuate.metrics.MetricsExportContextCustomizerFactory$DisableMetricExportContextCustomizer@4212a0c8, org.springframework.boot.test.autoconfigure.properties.PropertyMappingContextCustomizer@0, org.springframework.boot.test.autoconfigure.web.servlet.WebDriverContextCustomizerFactory$Customizer@4189d70b, org.springframework.boot.test.context.filter.ExcludeFilterContextCustomizer@320de594, org.springframework.boot.test.json.DuplicateJsonObjectContextCustomizerFactory$DuplicateJsonObjectContextCustomizer@2974f221, org.springframework.boot.test.mock.mockito.MockitoContextCustomizer@0, org.springframework.boot.test.web.client.TestRestTemplateContextCustomizer@5dd91bca, org.springframework.boot.test.context.SpringBootTestArgs@1, org.springframework.boot.test.context.SpringBootTestWebEnvironment@2eea88a1], resourceBasePath = 'src/main/webapp', contextLoader = 'org.springframework.boot.test.context.SpringBootContextLoader', parent = [null]], attributes = map['org.springframework.test.context.web.ServletTestExecutionListener.activateListener' -> true, 'org.springframework.test.context.web.ServletTestExecutionListener.populatedRequestContextHolder' -> true, 'org.springframework.test.context.web.ServletTestExecutionListener.resetRequestContextHolder' -> true, 'org.springframework.test.context.event.ApplicationEventsTestExecutionListener.recordApplicationEvents' -> false]]
]]></system-out>
  <system-err><![CDATA[]]></system-err>
</testsuite>
