<?xml version="1.0" encoding="UTF-8"?>
<testsuite name="KMC.KoreaMusicChart.service.Chart.GenieChartServiceTest" tests="3" skipped="0" failures="0" errors="0" timestamp="2022-11-13T06:16:30" hostname="nagyeong-aui-MacBookPro.local" time="4.761">
  <properties/>
  <testcase name="차트_중복_예외" classname="KMC.KoreaMusicChart.service.Chart.GenieChartServiceTest" time="1.063"/>
  <testcase name="날짜와_시각으로_차트정보_조회" classname="KMC.KoreaMusicChart.service.Chart.GenieChartServiceTest" time="2.832"/>
  <testcase name="차트정보저장" classname="KMC.KoreaMusicChart.service.Chart.GenieChartServiceTest" time="0.864"/>
  <system-out><![CDATA[2022-11-13 15:16:30.663  INFO 41132 --- [    Test worker] o.s.t.c.transaction.TransactionContext   : Began transaction (1) for test context [DefaultTestContext@30b2d267 testClass = GenieChartServiceTest, testInstance = KMC.KoreaMusicChart.service.Chart.GenieChartServiceTest@5a740449, testMethod = 차트_중복_예외@GenieChartServiceTest, testException = [null], mergedContextConfiguration = [WebMergedContextConfiguration@4f66f2dd testClass = GenieChartServiceTest, locations = '{}', classes = '{class KMC.KoreaMusicChart.KoreaMusicChartApplication}', contextInitializerClasses = '[]', activeProfiles = '{}', propertySourceLocations = '{}', propertySourceProperties = '{org.springframework.boot.test.context.SpringBootTestContextBootstrapper=true}', contextCustomizers = set[org.springframework.boot.test.autoconfigure.actuate.metrics.MetricsExportContextCustomizerFactory$DisableMetricExportContextCustomizer@4212a0c8, org.springframework.boot.test.autoconfigure.properties.PropertyMappingContextCustomizer@0, org.springframework.boot.test.autoconfigure.web.servlet.WebDriverContextCustomizerFactory$Customizer@4189d70b, org.springframework.boot.test.context.filter.ExcludeFilterContextCustomizer@320de594, org.springframework.boot.test.json.DuplicateJsonObjectContextCustomizerFactory$DuplicateJsonObjectContextCustomizer@2974f221, org.springframework.boot.test.mock.mockito.MockitoContextCustomizer@0, org.springframework.boot.test.web.client.TestRestTemplateContextCustomizer@5dd91bca, org.springframework.boot.test.context.SpringBootTestArgs@1, org.springframework.boot.test.context.SpringBootTestWebEnvironment@2eea88a1], resourceBasePath = 'src/main/webapp', contextLoader = 'org.springframework.boot.test.context.SpringBootContextLoader', parent = [null]], attributes = map['org.springframework.test.context.web.ServletTestExecutionListener.activateListener' -> true, 'org.springframework.test.context.web.ServletTestExecutionListener.populatedRequestContextHolder' -> true, 'org.springframework.test.context.web.ServletTestExecutionListener.resetRequestContextHolder' -> true, 'org.springframework.test.context.event.ApplicationEventsTestExecutionListener.recordApplicationEvents' -> false]]; transaction manager [org.springframework.orm.jpa.JpaTransactionManager@294b045b]; rollback [true]
2022-11-13 15:16:30.666 DEBUG 41132 --- [    Test worker] org.hibernate.SQL                        : 
    select
        geniesong0_.genie_song_id as genie_so1_12_,
        geniesong0_.album as album2_12_,
        geniesong0_.genie_id as genie_id3_12_,
        geniesong0_.image_url as image_ur4_12_,
        geniesong0_.name as name5_12_ 
    from
        genie_song geniesong0_ 
    where
        geniesong0_.name=? 
        and geniesong0_.album=?
2022-11-13 15:16:30.753 DEBUG 41132 --- [    Test worker] org.hibernate.SQL                        : 
    select
        next_val as id_val 
    from
        hibernate_sequence for update
            
2022-11-13 15:16:30.792 DEBUG 41132 --- [    Test worker] org.hibernate.SQL                        : 
    update
        hibernate_sequence 
    set
        next_val= ? 
    where
        next_val=?
2022-11-13 15:16:30.925 DEBUG 41132 --- [    Test worker] org.hibernate.SQL                        : 
    insert 
    into
        genie_song
        (album, genie_id, image_url, name, genie_song_id) 
    values
        (?, ?, ?, ?, ?)
2022-11-13 15:16:30.965 DEBUG 41132 --- [    Test worker] org.hibernate.SQL                        : 
    select
        geniesong0_.genie_song_id as genie_so1_12_,
        geniesong0_.album as album2_12_,
        geniesong0_.genie_id as genie_id3_12_,
        geniesong0_.image_url as image_ur4_12_,
        geniesong0_.name as name5_12_ 
    from
        genie_song geniesong0_ 
    where
        geniesong0_.name=? 
        and geniesong0_.album=?
2022-11-13 15:16:31.046 DEBUG 41132 --- [    Test worker] org.hibernate.SQL                        : 
    select
        next_val as id_val 
    from
        hibernate_sequence for update
            
2022-11-13 15:16:31.086 DEBUG 41132 --- [    Test worker] org.hibernate.SQL                        : 
    update
        hibernate_sequence 
    set
        next_val= ? 
    where
        next_val=?
2022-11-13 15:16:31.223 DEBUG 41132 --- [    Test worker] org.hibernate.SQL                        : 
    select
        geniechart0_.genie_chart_id as genie_ch1_10_,
        geniechart0_.cur_rank as cur_rank2_10_,
        geniechart0_.date_time as date_tim3_10_,
        geniechart0_.genie_song_id as genie_so5_10_,
        geniechart0_.prev_rank as prev_ran4_10_ 
    from
        genie_chart geniechart0_ 
    where
        geniechart0_.date_time=? 
        and geniechart0_.cur_rank=?
2022-11-13 15:16:31.304 DEBUG 41132 --- [    Test worker] org.hibernate.SQL                        : 
    select
        next_val as id_val 
    from
        hibernate_sequence for update
            
2022-11-13 15:16:31.345 DEBUG 41132 --- [    Test worker] org.hibernate.SQL                        : 
    update
        hibernate_sequence 
    set
        next_val= ? 
    where
        next_val=?
2022-11-13 15:16:31.477 DEBUG 41132 --- [    Test worker] org.hibernate.SQL                        : 
    insert 
    into
        genie_song
        (album, genie_id, image_url, name, genie_song_id) 
    values
        (?, ?, ?, ?, ?)
2022-11-13 15:16:31.517 DEBUG 41132 --- [    Test worker] org.hibernate.SQL                        : 
    insert 
    into
        genie_chart
        (cur_rank, date_time, genie_song_id, prev_rank, genie_chart_id) 
    values
        (?, ?, ?, ?, ?)
2022-11-13 15:16:31.558 DEBUG 41132 --- [    Test worker] org.hibernate.SQL                        : 
    select
        geniechart0_.genie_chart_id as genie_ch1_10_,
        geniechart0_.cur_rank as cur_rank2_10_,
        geniechart0_.date_time as date_tim3_10_,
        geniechart0_.genie_song_id as genie_so5_10_,
        geniechart0_.prev_rank as prev_ran4_10_ 
    from
        genie_chart geniechart0_ 
    where
        geniechart0_.date_time=? 
        and geniechart0_.cur_rank=?
2022-11-13 15:16:31.684  INFO 41132 --- [    Test worker] o.s.t.c.transaction.TransactionContext   : Rolled back transaction for test: [DefaultTestContext@30b2d267 testClass = GenieChartServiceTest, testInstance = KMC.KoreaMusicChart.service.Chart.GenieChartServiceTest@5a740449, testMethod = 차트_중복_예외@GenieChartServiceTest, testException = [null], mergedContextConfiguration = [WebMergedContextConfiguration@4f66f2dd testClass = GenieChartServiceTest, locations = '{}', classes = '{class KMC.KoreaMusicChart.KoreaMusicChartApplication}', contextInitializerClasses = '[]', activeProfiles = '{}', propertySourceLocations = '{}', propertySourceProperties = '{org.springframework.boot.test.context.SpringBootTestContextBootstrapper=true}', contextCustomizers = set[org.springframework.boot.test.autoconfigure.actuate.metrics.MetricsExportContextCustomizerFactory$DisableMetricExportContextCustomizer@4212a0c8, org.springframework.boot.test.autoconfigure.properties.PropertyMappingContextCustomizer@0, org.springframework.boot.test.autoconfigure.web.servlet.WebDriverContextCustomizerFactory$Customizer@4189d70b, org.springframework.boot.test.context.filter.ExcludeFilterContextCustomizer@320de594, org.springframework.boot.test.json.DuplicateJsonObjectContextCustomizerFactory$DuplicateJsonObjectContextCustomizer@2974f221, org.springframework.boot.test.mock.mockito.MockitoContextCustomizer@0, org.springframework.boot.test.web.client.TestRestTemplateContextCustomizer@5dd91bca, org.springframework.boot.test.context.SpringBootTestArgs@1, org.springframework.boot.test.context.SpringBootTestWebEnvironment@2eea88a1], resourceBasePath = 'src/main/webapp', contextLoader = 'org.springframework.boot.test.context.SpringBootContextLoader', parent = [null]], attributes = map['org.springframework.test.context.web.ServletTestExecutionListener.activateListener' -> true, 'org.springframework.test.context.web.ServletTestExecutionListener.populatedRequestContextHolder' -> true, 'org.springframework.test.context.web.ServletTestExecutionListener.resetRequestContextHolder' -> true, 'org.springframework.test.context.event.ApplicationEventsTestExecutionListener.recordApplicationEvents' -> false]]
2022-11-13 15:16:31.725  INFO 41132 --- [    Test worker] o.s.t.c.transaction.TransactionContext   : Began transaction (1) for test context [DefaultTestContext@30b2d267 testClass = GenieChartServiceTest, testInstance = KMC.KoreaMusicChart.service.Chart.GenieChartServiceTest@2d10160a, testMethod = 날짜와_시각으로_차트정보_조회@GenieChartServiceTest, testException = [null], mergedContextConfiguration = [WebMergedContextConfiguration@4f66f2dd testClass = GenieChartServiceTest, locations = '{}', classes = '{class KMC.KoreaMusicChart.KoreaMusicChartApplication}', contextInitializerClasses = '[]', activeProfiles = '{}', propertySourceLocations = '{}', propertySourceProperties = '{org.springframework.boot.test.context.SpringBootTestContextBootstrapper=true}', contextCustomizers = set[org.springframework.boot.test.autoconfigure.actuate.metrics.MetricsExportContextCustomizerFactory$DisableMetricExportContextCustomizer@4212a0c8, org.springframework.boot.test.autoconfigure.properties.PropertyMappingContextCustomizer@0, org.springframework.boot.test.autoconfigure.web.servlet.WebDriverContextCustomizerFactory$Customizer@4189d70b, org.springframework.boot.test.context.filter.ExcludeFilterContextCustomizer@320de594, org.springframework.boot.test.json.DuplicateJsonObjectContextCustomizerFactory$DuplicateJsonObjectContextCustomizer@2974f221, org.springframework.boot.test.mock.mockito.MockitoContextCustomizer@0, org.springframework.boot.test.web.client.TestRestTemplateContextCustomizer@5dd91bca, org.springframework.boot.test.context.SpringBootTestArgs@1, org.springframework.boot.test.context.SpringBootTestWebEnvironment@2eea88a1], resourceBasePath = 'src/main/webapp', contextLoader = 'org.springframework.boot.test.context.SpringBootContextLoader', parent = [null]], attributes = map['org.springframework.test.context.web.ServletTestExecutionListener.activateListener' -> true, 'org.springframework.test.context.web.ServletTestExecutionListener.populatedRequestContextHolder' -> true, 'org.springframework.test.context.web.ServletTestExecutionListener.resetRequestContextHolder' -> true, 'org.springframework.test.context.event.ApplicationEventsTestExecutionListener.recordApplicationEvents' -> false]]; transaction manager [org.springframework.orm.jpa.JpaTransactionManager@294b045b]; rollback [true]
2022-11-13 15:16:31.726 DEBUG 41132 --- [    Test worker] org.hibernate.SQL                        : 
    select
        geniesong0_.genie_song_id as genie_so1_12_,
        geniesong0_.album as album2_12_,
        geniesong0_.genie_id as genie_id3_12_,
        geniesong0_.image_url as image_ur4_12_,
        geniesong0_.name as name5_12_ 
    from
        genie_song geniesong0_ 
    where
        geniesong0_.name=? 
        and geniesong0_.album=?
2022-11-13 15:16:31.805 DEBUG 41132 --- [    Test worker] org.hibernate.SQL                        : 
    select
        next_val as id_val 
    from
        hibernate_sequence for update
            
2022-11-13 15:16:31.845 DEBUG 41132 --- [    Test worker] org.hibernate.SQL                        : 
    update
        hibernate_sequence 
    set
        next_val= ? 
    where
        next_val=?
2022-11-13 15:16:31.980 DEBUG 41132 --- [    Test worker] org.hibernate.SQL                        : 
    insert 
    into
        genie_song
        (album, genie_id, image_url, name, genie_song_id) 
    values
        (?, ?, ?, ?, ?)
2022-11-13 15:16:32.022 DEBUG 41132 --- [    Test worker] org.hibernate.SQL                        : 
    select
        geniesong0_.genie_song_id as genie_so1_12_,
        geniesong0_.album as album2_12_,
        geniesong0_.genie_id as genie_id3_12_,
        geniesong0_.image_url as image_ur4_12_,
        geniesong0_.name as name5_12_ 
    from
        genie_song geniesong0_ 
    where
        geniesong0_.name=? 
        and geniesong0_.album=?
2022-11-13 15:16:32.101 DEBUG 41132 --- [    Test worker] org.hibernate.SQL                        : 
    select
        next_val as id_val 
    from
        hibernate_sequence for update
            
2022-11-13 15:16:32.142 DEBUG 41132 --- [    Test worker] org.hibernate.SQL                        : 
    update
        hibernate_sequence 
    set
        next_val= ? 
    where
        next_val=?
2022-11-13 15:16:32.273 DEBUG 41132 --- [    Test worker] org.hibernate.SQL                        : 
    insert 
    into
        genie_song
        (album, genie_id, image_url, name, genie_song_id) 
    values
        (?, ?, ?, ?, ?)
2022-11-13 15:16:32.314 DEBUG 41132 --- [    Test worker] org.hibernate.SQL                        : 
    select
        geniesong0_.genie_song_id as genie_so1_12_,
        geniesong0_.album as album2_12_,
        geniesong0_.genie_id as genie_id3_12_,
        geniesong0_.image_url as image_ur4_12_,
        geniesong0_.name as name5_12_ 
    from
        genie_song geniesong0_ 
    where
        geniesong0_.name=? 
        and geniesong0_.album=?
2022-11-13 15:16:32.395 DEBUG 41132 --- [    Test worker] org.hibernate.SQL                        : 
    select
        next_val as id_val 
    from
        hibernate_sequence for update
            
2022-11-13 15:16:32.436 DEBUG 41132 --- [    Test worker] org.hibernate.SQL                        : 
    update
        hibernate_sequence 
    set
        next_val= ? 
    where
        next_val=?
2022-11-13 15:16:32.564 DEBUG 41132 --- [    Test worker] org.hibernate.SQL                        : 
    insert 
    into
        genie_song
        (album, genie_id, image_url, name, genie_song_id) 
    values
        (?, ?, ?, ?, ?)
2022-11-13 15:16:32.605 DEBUG 41132 --- [    Test worker] org.hibernate.SQL                        : 
    select
        geniesong0_.genie_song_id as genie_so1_12_,
        geniesong0_.album as album2_12_,
        geniesong0_.genie_id as genie_id3_12_,
        geniesong0_.image_url as image_ur4_12_,
        geniesong0_.name as name5_12_ 
    from
        genie_song geniesong0_ 
    where
        geniesong0_.name=? 
        and geniesong0_.album=?
2022-11-13 15:16:32.686 DEBUG 41132 --- [    Test worker] org.hibernate.SQL                        : 
    select
        next_val as id_val 
    from
        hibernate_sequence for update
            
2022-11-13 15:16:32.728 DEBUG 41132 --- [    Test worker] org.hibernate.SQL                        : 
    update
        hibernate_sequence 
    set
        next_val= ? 
    where
        next_val=?
2022-11-13 15:16:32.855 DEBUG 41132 --- [    Test worker] org.hibernate.SQL                        : 
    select
        geniechart0_.genie_chart_id as genie_ch1_10_,
        geniechart0_.cur_rank as cur_rank2_10_,
        geniechart0_.date_time as date_tim3_10_,
        geniechart0_.genie_song_id as genie_so5_10_,
        geniechart0_.prev_rank as prev_ran4_10_ 
    from
        genie_chart geniechart0_ 
    where
        geniechart0_.date_time=? 
        and geniechart0_.cur_rank=?
2022-11-13 15:16:32.936 DEBUG 41132 --- [    Test worker] org.hibernate.SQL                        : 
    select
        next_val as id_val 
    from
        hibernate_sequence for update
            
2022-11-13 15:16:32.977 DEBUG 41132 --- [    Test worker] org.hibernate.SQL                        : 
    update
        hibernate_sequence 
    set
        next_val= ? 
    where
        next_val=?
2022-11-13 15:16:33.105 DEBUG 41132 --- [    Test worker] org.hibernate.SQL                        : 
    insert 
    into
        genie_song
        (album, genie_id, image_url, name, genie_song_id) 
    values
        (?, ?, ?, ?, ?)
2022-11-13 15:16:33.146 DEBUG 41132 --- [    Test worker] org.hibernate.SQL                        : 
    insert 
    into
        genie_chart
        (cur_rank, date_time, genie_song_id, prev_rank, genie_chart_id) 
    values
        (?, ?, ?, ?, ?)
2022-11-13 15:16:33.186 DEBUG 41132 --- [    Test worker] org.hibernate.SQL                        : 
    select
        geniechart0_.genie_chart_id as genie_ch1_10_,
        geniechart0_.cur_rank as cur_rank2_10_,
        geniechart0_.date_time as date_tim3_10_,
        geniechart0_.genie_song_id as genie_so5_10_,
        geniechart0_.prev_rank as prev_ran4_10_ 
    from
        genie_chart geniechart0_ 
    where
        geniechart0_.date_time=? 
        and geniechart0_.cur_rank=?
2022-11-13 15:16:33.269 DEBUG 41132 --- [    Test worker] org.hibernate.SQL                        : 
    select
        next_val as id_val 
    from
        hibernate_sequence for update
            
2022-11-13 15:16:33.309 DEBUG 41132 --- [    Test worker] org.hibernate.SQL                        : 
    update
        hibernate_sequence 
    set
        next_val= ? 
    where
        next_val=?
2022-11-13 15:16:33.437 DEBUG 41132 --- [    Test worker] org.hibernate.SQL                        : 
    insert 
    into
        genie_chart
        (cur_rank, date_time, genie_song_id, prev_rank, genie_chart_id) 
    values
        (?, ?, ?, ?, ?)
2022-11-13 15:16:33.478 DEBUG 41132 --- [    Test worker] org.hibernate.SQL                        : 
    select
        geniechart0_.genie_chart_id as genie_ch1_10_,
        geniechart0_.cur_rank as cur_rank2_10_,
        geniechart0_.date_time as date_tim3_10_,
        geniechart0_.genie_song_id as genie_so5_10_,
        geniechart0_.prev_rank as prev_ran4_10_ 
    from
        genie_chart geniechart0_ 
    where
        geniechart0_.date_time=? 
        and geniechart0_.cur_rank=?
2022-11-13 15:16:33.557 DEBUG 41132 --- [    Test worker] org.hibernate.SQL                        : 
    select
        next_val as id_val 
    from
        hibernate_sequence for update
            
2022-11-13 15:16:33.597 DEBUG 41132 --- [    Test worker] org.hibernate.SQL                        : 
    update
        hibernate_sequence 
    set
        next_val= ? 
    where
        next_val=?
2022-11-13 15:16:33.727 DEBUG 41132 --- [    Test worker] org.hibernate.SQL                        : 
    insert 
    into
        genie_chart
        (cur_rank, date_time, genie_song_id, prev_rank, genie_chart_id) 
    values
        (?, ?, ?, ?, ?)
2022-11-13 15:16:33.767 DEBUG 41132 --- [    Test worker] org.hibernate.SQL                        : 
    select
        geniechart0_.genie_chart_id as genie_ch1_10_,
        geniechart0_.cur_rank as cur_rank2_10_,
        geniechart0_.date_time as date_tim3_10_,
        geniechart0_.genie_song_id as genie_so5_10_,
        geniechart0_.prev_rank as prev_ran4_10_ 
    from
        genie_chart geniechart0_ 
    where
        geniechart0_.date_time=? 
        and geniechart0_.cur_rank=?
2022-11-13 15:16:33.848 DEBUG 41132 --- [    Test worker] org.hibernate.SQL                        : 
    select
        next_val as id_val 
    from
        hibernate_sequence for update
            
2022-11-13 15:16:33.889 DEBUG 41132 --- [    Test worker] org.hibernate.SQL                        : 
    update
        hibernate_sequence 
    set
        next_val= ? 
    where
        next_val=?
2022-11-13 15:16:34.016 DEBUG 41132 --- [    Test worker] org.hibernate.SQL                        : 
    insert 
    into
        genie_chart
        (cur_rank, date_time, genie_song_id, prev_rank, genie_chart_id) 
    values
        (?, ?, ?, ?, ?)
2022-11-13 15:16:34.056 DEBUG 41132 --- [    Test worker] org.hibernate.SQL                        : 
    select
        geniechart0_.genie_chart_id as genie_ch1_10_,
        geniechart0_.cur_rank as cur_rank2_10_,
        geniechart0_.date_time as date_tim3_10_,
        geniechart0_.genie_song_id as genie_so5_10_,
        geniechart0_.prev_rank as prev_ran4_10_ 
    from
        genie_chart geniechart0_ 
    where
        geniechart0_.date_time=? 
        and geniechart0_.cur_rank=?
2022-11-13 15:16:34.136 DEBUG 41132 --- [    Test worker] org.hibernate.SQL                        : 
    select
        next_val as id_val 
    from
        hibernate_sequence for update
            
2022-11-13 15:16:34.177 DEBUG 41132 --- [    Test worker] org.hibernate.SQL                        : 
    update
        hibernate_sequence 
    set
        next_val= ? 
    where
        next_val=?
2022-11-13 15:16:34.308 DEBUG 41132 --- [    Test worker] org.hibernate.SQL                        : 
    insert 
    into
        genie_chart
        (cur_rank, date_time, genie_song_id, prev_rank, genie_chart_id) 
    values
        (?, ?, ?, ?, ?)
2022-11-13 15:16:34.351 DEBUG 41132 --- [    Test worker] org.hibernate.SQL                        : 
    select
        geniechart0_.genie_chart_id as genie_ch1_10_,
        geniechart0_.cur_rank as cur_rank2_10_,
        geniechart0_.date_time as date_tim3_10_,
        geniechart0_.genie_song_id as genie_so5_10_,
        geniechart0_.prev_rank as prev_ran4_10_ 
    from
        genie_chart geniechart0_ 
    where
        geniechart0_.date_time=?
2022-11-13 15:16:34.391 DEBUG 41132 --- [    Test worker] org.hibernate.SQL                        : 
    select
        geniechart0_.genie_chart_id as genie_ch1_10_,
        geniechart0_.cur_rank as cur_rank2_10_,
        geniechart0_.date_time as date_tim3_10_,
        geniechart0_.genie_song_id as genie_so5_10_,
        geniechart0_.prev_rank as prev_ran4_10_ 
    from
        genie_chart geniechart0_ 
    where
        geniechart0_.date_time=?
2022-11-13 15:16:34.517  INFO 41132 --- [    Test worker] o.s.t.c.transaction.TransactionContext   : Rolled back transaction for test: [DefaultTestContext@30b2d267 testClass = GenieChartServiceTest, testInstance = KMC.KoreaMusicChart.service.Chart.GenieChartServiceTest@2d10160a, testMethod = 날짜와_시각으로_차트정보_조회@GenieChartServiceTest, testException = [null], mergedContextConfiguration = [WebMergedContextConfiguration@4f66f2dd testClass = GenieChartServiceTest, locations = '{}', classes = '{class KMC.KoreaMusicChart.KoreaMusicChartApplication}', contextInitializerClasses = '[]', activeProfiles = '{}', propertySourceLocations = '{}', propertySourceProperties = '{org.springframework.boot.test.context.SpringBootTestContextBootstrapper=true}', contextCustomizers = set[org.springframework.boot.test.autoconfigure.actuate.metrics.MetricsExportContextCustomizerFactory$DisableMetricExportContextCustomizer@4212a0c8, org.springframework.boot.test.autoconfigure.properties.PropertyMappingContextCustomizer@0, org.springframework.boot.test.autoconfigure.web.servlet.WebDriverContextCustomizerFactory$Customizer@4189d70b, org.springframework.boot.test.context.filter.ExcludeFilterContextCustomizer@320de594, org.springframework.boot.test.json.DuplicateJsonObjectContextCustomizerFactory$DuplicateJsonObjectContextCustomizer@2974f221, org.springframework.boot.test.mock.mockito.MockitoContextCustomizer@0, org.springframework.boot.test.web.client.TestRestTemplateContextCustomizer@5dd91bca, org.springframework.boot.test.context.SpringBootTestArgs@1, org.springframework.boot.test.context.SpringBootTestWebEnvironment@2eea88a1], resourceBasePath = 'src/main/webapp', contextLoader = 'org.springframework.boot.test.context.SpringBootContextLoader', parent = [null]], attributes = map['org.springframework.test.context.web.ServletTestExecutionListener.activateListener' -> true, 'org.springframework.test.context.web.ServletTestExecutionListener.populatedRequestContextHolder' -> true, 'org.springframework.test.context.web.ServletTestExecutionListener.resetRequestContextHolder' -> true, 'org.springframework.test.context.event.ApplicationEventsTestExecutionListener.recordApplicationEvents' -> false]]
2022-11-13 15:16:34.559  INFO 41132 --- [    Test worker] o.s.t.c.transaction.TransactionContext   : Began transaction (1) for test context [DefaultTestContext@30b2d267 testClass = GenieChartServiceTest, testInstance = KMC.KoreaMusicChart.service.Chart.GenieChartServiceTest@32be672d, testMethod = 차트정보저장@GenieChartServiceTest, testException = [null], mergedContextConfiguration = [WebMergedContextConfiguration@4f66f2dd testClass = GenieChartServiceTest, locations = '{}', classes = '{class KMC.KoreaMusicChart.KoreaMusicChartApplication}', contextInitializerClasses = '[]', activeProfiles = '{}', propertySourceLocations = '{}', propertySourceProperties = '{org.springframework.boot.test.context.SpringBootTestContextBootstrapper=true}', contextCustomizers = set[org.springframework.boot.test.autoconfigure.actuate.metrics.MetricsExportContextCustomizerFactory$DisableMetricExportContextCustomizer@4212a0c8, org.springframework.boot.test.autoconfigure.properties.PropertyMappingContextCustomizer@0, org.springframework.boot.test.autoconfigure.web.servlet.WebDriverContextCustomizerFactory$Customizer@4189d70b, org.springframework.boot.test.context.filter.ExcludeFilterContextCustomizer@320de594, org.springframework.boot.test.json.DuplicateJsonObjectContextCustomizerFactory$DuplicateJsonObjectContextCustomizer@2974f221, org.springframework.boot.test.mock.mockito.MockitoContextCustomizer@0, org.springframework.boot.test.web.client.TestRestTemplateContextCustomizer@5dd91bca, org.springframework.boot.test.context.SpringBootTestArgs@1, org.springframework.boot.test.context.SpringBootTestWebEnvironment@2eea88a1], resourceBasePath = 'src/main/webapp', contextLoader = 'org.springframework.boot.test.context.SpringBootContextLoader', parent = [null]], attributes = map['org.springframework.test.context.web.ServletTestExecutionListener.activateListener' -> true, 'org.springframework.test.context.web.ServletTestExecutionListener.populatedRequestContextHolder' -> true, 'org.springframework.test.context.web.ServletTestExecutionListener.resetRequestContextHolder' -> true, 'org.springframework.test.context.event.ApplicationEventsTestExecutionListener.recordApplicationEvents' -> false]]; transaction manager [org.springframework.orm.jpa.JpaTransactionManager@294b045b]; rollback [true]
2022-11-13 15:16:34.560 DEBUG 41132 --- [    Test worker] org.hibernate.SQL                        : 
    select
        geniesong0_.genie_song_id as genie_so1_12_,
        geniesong0_.album as album2_12_,
        geniesong0_.genie_id as genie_id3_12_,
        geniesong0_.image_url as image_ur4_12_,
        geniesong0_.name as name5_12_ 
    from
        genie_song geniesong0_ 
    where
        geniesong0_.name=? 
        and geniesong0_.album=?
2022-11-13 15:16:34.642 DEBUG 41132 --- [    Test worker] org.hibernate.SQL                        : 
    select
        next_val as id_val 
    from
        hibernate_sequence for update
            
2022-11-13 15:16:34.683 DEBUG 41132 --- [    Test worker] org.hibernate.SQL                        : 
    update
        hibernate_sequence 
    set
        next_val= ? 
    where
        next_val=?
2022-11-13 15:16:34.811 DEBUG 41132 --- [    Test worker] org.hibernate.SQL                        : 
    select
        geniechart0_.genie_chart_id as genie_ch1_10_,
        geniechart0_.cur_rank as cur_rank2_10_,
        geniechart0_.date_time as date_tim3_10_,
        geniechart0_.genie_song_id as genie_so5_10_,
        geniechart0_.prev_rank as prev_ran4_10_ 
    from
        genie_chart geniechart0_ 
    where
        geniechart0_.date_time=? 
        and geniechart0_.cur_rank=?
2022-11-13 15:16:34.891 DEBUG 41132 --- [    Test worker] org.hibernate.SQL                        : 
    select
        next_val as id_val 
    from
        hibernate_sequence for update
            
2022-11-13 15:16:35.175 DEBUG 41132 --- [    Test worker] org.hibernate.SQL                        : 
    update
        hibernate_sequence 
    set
        next_val= ? 
    where
        next_val=?
2022-11-13 15:16:35.383  INFO 41132 --- [    Test worker] o.s.t.c.transaction.TransactionContext   : Rolled back transaction for test: [DefaultTestContext@30b2d267 testClass = GenieChartServiceTest, testInstance = KMC.KoreaMusicChart.service.Chart.GenieChartServiceTest@32be672d, testMethod = 차트정보저장@GenieChartServiceTest, testException = [null], mergedContextConfiguration = [WebMergedContextConfiguration@4f66f2dd testClass = GenieChartServiceTest, locations = '{}', classes = '{class KMC.KoreaMusicChart.KoreaMusicChartApplication}', contextInitializerClasses = '[]', activeProfiles = '{}', propertySourceLocations = '{}', propertySourceProperties = '{org.springframework.boot.test.context.SpringBootTestContextBootstrapper=true}', contextCustomizers = set[org.springframework.boot.test.autoconfigure.actuate.metrics.MetricsExportContextCustomizerFactory$DisableMetricExportContextCustomizer@4212a0c8, org.springframework.boot.test.autoconfigure.properties.PropertyMappingContextCustomizer@0, org.springframework.boot.test.autoconfigure.web.servlet.WebDriverContextCustomizerFactory$Customizer@4189d70b, org.springframework.boot.test.context.filter.ExcludeFilterContextCustomizer@320de594, org.springframework.boot.test.json.DuplicateJsonObjectContextCustomizerFactory$DuplicateJsonObjectContextCustomizer@2974f221, org.springframework.boot.test.mock.mockito.MockitoContextCustomizer@0, org.springframework.boot.test.web.client.TestRestTemplateContextCustomizer@5dd91bca, org.springframework.boot.test.context.SpringBootTestArgs@1, org.springframework.boot.test.context.SpringBootTestWebEnvironment@2eea88a1], resourceBasePath = 'src/main/webapp', contextLoader = 'org.springframework.boot.test.context.SpringBootContextLoader', parent = [null]], attributes = map['org.springframework.test.context.web.ServletTestExecutionListener.activateListener' -> true, 'org.springframework.test.context.web.ServletTestExecutionListener.populatedRequestContextHolder' -> true, 'org.springframework.test.context.web.ServletTestExecutionListener.resetRequestContextHolder' -> true, 'org.springframework.test.context.event.ApplicationEventsTestExecutionListener.recordApplicationEvents' -> false]]
]]></system-out>
  <system-err><![CDATA[]]></system-err>
</testsuite>
