<?xml version="1.0" encoding="UTF-8"?>
<testsuite name="KMC.KoreaMusicChart.service.Chart.BugsChartServiceTest" tests="3" skipped="0" failures="0" errors="0" timestamp="2022-11-13T06:16:21" hostname="nagyeong-aui-MacBookPro.local" time="4.633">
  <properties/>
  <testcase name="차트_중복_예외" classname="KMC.KoreaMusicChart.service.Chart.BugsChartServiceTest" time="1.094"/>
  <testcase name="날짜와_시각으로_차트정보_조회" classname="KMC.KoreaMusicChart.service.Chart.BugsChartServiceTest" time="2.905"/>
  <testcase name="차트정보저장" classname="KMC.KoreaMusicChart.service.Chart.BugsChartServiceTest" time="0.634"/>
  <system-out><![CDATA[2022-11-13 15:16:21.541  INFO 41132 --- [    Test worker] o.s.t.c.transaction.TransactionContext   : Began transaction (1) for test context [DefaultTestContext@73418044 testClass = BugsChartServiceTest, testInstance = KMC.KoreaMusicChart.service.Chart.BugsChartServiceTest@58ec04f4, testMethod = 차트_중복_예외@BugsChartServiceTest, testException = [null], mergedContextConfiguration = [WebMergedContextConfiguration@52b2713a testClass = BugsChartServiceTest, locations = '{}', classes = '{class KMC.KoreaMusicChart.KoreaMusicChartApplication}', contextInitializerClasses = '[]', activeProfiles = '{}', propertySourceLocations = '{}', propertySourceProperties = '{org.springframework.boot.test.context.SpringBootTestContextBootstrapper=true}', contextCustomizers = set[org.springframework.boot.test.autoconfigure.actuate.metrics.MetricsExportContextCustomizerFactory$DisableMetricExportContextCustomizer@4212a0c8, org.springframework.boot.test.autoconfigure.properties.PropertyMappingContextCustomizer@0, org.springframework.boot.test.autoconfigure.web.servlet.WebDriverContextCustomizerFactory$Customizer@4189d70b, org.springframework.boot.test.context.filter.ExcludeFilterContextCustomizer@320de594, org.springframework.boot.test.json.DuplicateJsonObjectContextCustomizerFactory$DuplicateJsonObjectContextCustomizer@2974f221, org.springframework.boot.test.mock.mockito.MockitoContextCustomizer@0, org.springframework.boot.test.web.client.TestRestTemplateContextCustomizer@5dd91bca, org.springframework.boot.test.context.SpringBootTestArgs@1, org.springframework.boot.test.context.SpringBootTestWebEnvironment@2eea88a1], resourceBasePath = 'src/main/webapp', contextLoader = 'org.springframework.boot.test.context.SpringBootContextLoader', parent = [null]], attributes = map['org.springframework.test.context.web.ServletTestExecutionListener.activateListener' -> true, 'org.springframework.test.context.web.ServletTestExecutionListener.populatedRequestContextHolder' -> true, 'org.springframework.test.context.web.ServletTestExecutionListener.resetRequestContextHolder' -> true, 'org.springframework.test.context.event.ApplicationEventsTestExecutionListener.recordApplicationEvents' -> false]]; transaction manager [org.springframework.orm.jpa.JpaTransactionManager@294b045b]; rollback [true]
2022-11-13 15:16:21.550 DEBUG 41132 --- [    Test worker] org.hibernate.SQL                        : 
    select
        bugssong0_.bugs_song_id as bugs_son1_3_,
        bugssong0_.album as album2_3_,
        bugssong0_.bugs_id as bugs_id3_3_,
        bugssong0_.image_url as image_ur4_3_,
        bugssong0_.name as name5_3_ 
    from
        bugs_song bugssong0_ 
    where
        bugssong0_.name=? 
        and bugssong0_.album=?
2022-11-13 15:16:21.635 DEBUG 41132 --- [    Test worker] org.hibernate.SQL                        : 
    select
        next_val as id_val 
    from
        hibernate_sequence for update
            
2022-11-13 15:16:21.677 DEBUG 41132 --- [    Test worker] org.hibernate.SQL                        : 
    update
        hibernate_sequence 
    set
        next_val= ? 
    where
        next_val=?
2022-11-13 15:16:21.806 DEBUG 41132 --- [    Test worker] org.hibernate.SQL                        : 
    insert 
    into
        bugs_song
        (album, bugs_id, image_url, name, bugs_song_id) 
    values
        (?, ?, ?, ?, ?)
2022-11-13 15:16:21.847 DEBUG 41132 --- [    Test worker] org.hibernate.SQL                        : 
    select
        bugssong0_.bugs_song_id as bugs_son1_3_,
        bugssong0_.album as album2_3_,
        bugssong0_.bugs_id as bugs_id3_3_,
        bugssong0_.image_url as image_ur4_3_,
        bugssong0_.name as name5_3_ 
    from
        bugs_song bugssong0_ 
    where
        bugssong0_.name=? 
        and bugssong0_.album=?
2022-11-13 15:16:21.931 DEBUG 41132 --- [    Test worker] org.hibernate.SQL                        : 
    select
        next_val as id_val 
    from
        hibernate_sequence for update
            
2022-11-13 15:16:21.972 DEBUG 41132 --- [    Test worker] org.hibernate.SQL                        : 
    update
        hibernate_sequence 
    set
        next_val= ? 
    where
        next_val=?
2022-11-13 15:16:22.108 DEBUG 41132 --- [    Test worker] org.hibernate.SQL                        : 
    select
        bugschart0_.bugs_chart_id as bugs_cha1_2_,
        bugschart0_.bugs_song_id as bugs_son5_2_,
        bugschart0_.cur_rank as cur_rank2_2_,
        bugschart0_.date_time as date_tim3_2_,
        bugschart0_.prev_rank as prev_ran4_2_ 
    from
        bugs_chart bugschart0_ 
    where
        bugschart0_.date_time=? 
        and bugschart0_.cur_rank=?
2022-11-13 15:16:22.196 DEBUG 41132 --- [    Test worker] org.hibernate.SQL                        : 
    select
        next_val as id_val 
    from
        hibernate_sequence for update
            
2022-11-13 15:16:22.238 DEBUG 41132 --- [    Test worker] org.hibernate.SQL                        : 
    update
        hibernate_sequence 
    set
        next_val= ? 
    where
        next_val=?
2022-11-13 15:16:22.371 DEBUG 41132 --- [    Test worker] org.hibernate.SQL                        : 
    insert 
    into
        bugs_song
        (album, bugs_id, image_url, name, bugs_song_id) 
    values
        (?, ?, ?, ?, ?)
2022-11-13 15:16:22.412 DEBUG 41132 --- [    Test worker] org.hibernate.SQL                        : 
    insert 
    into
        bugs_chart
        (bugs_song_id, cur_rank, date_time, prev_rank, bugs_chart_id) 
    values
        (?, ?, ?, ?, ?)
2022-11-13 15:16:22.455 DEBUG 41132 --- [    Test worker] org.hibernate.SQL                        : 
    select
        bugschart0_.bugs_chart_id as bugs_cha1_2_,
        bugschart0_.bugs_song_id as bugs_son5_2_,
        bugschart0_.cur_rank as cur_rank2_2_,
        bugschart0_.date_time as date_tim3_2_,
        bugschart0_.prev_rank as prev_ran4_2_ 
    from
        bugs_chart bugschart0_ 
    where
        bugschart0_.date_time=? 
        and bugschart0_.cur_rank=?
2022-11-13 15:16:22.586  INFO 41132 --- [    Test worker] o.s.t.c.transaction.TransactionContext   : Rolled back transaction for test: [DefaultTestContext@73418044 testClass = BugsChartServiceTest, testInstance = KMC.KoreaMusicChart.service.Chart.BugsChartServiceTest@58ec04f4, testMethod = 차트_중복_예외@BugsChartServiceTest, testException = [null], mergedContextConfiguration = [WebMergedContextConfiguration@52b2713a testClass = BugsChartServiceTest, locations = '{}', classes = '{class KMC.KoreaMusicChart.KoreaMusicChartApplication}', contextInitializerClasses = '[]', activeProfiles = '{}', propertySourceLocations = '{}', propertySourceProperties = '{org.springframework.boot.test.context.SpringBootTestContextBootstrapper=true}', contextCustomizers = set[org.springframework.boot.test.autoconfigure.actuate.metrics.MetricsExportContextCustomizerFactory$DisableMetricExportContextCustomizer@4212a0c8, org.springframework.boot.test.autoconfigure.properties.PropertyMappingContextCustomizer@0, org.springframework.boot.test.autoconfigure.web.servlet.WebDriverContextCustomizerFactory$Customizer@4189d70b, org.springframework.boot.test.context.filter.ExcludeFilterContextCustomizer@320de594, org.springframework.boot.test.json.DuplicateJsonObjectContextCustomizerFactory$DuplicateJsonObjectContextCustomizer@2974f221, org.springframework.boot.test.mock.mockito.MockitoContextCustomizer@0, org.springframework.boot.test.web.client.TestRestTemplateContextCustomizer@5dd91bca, org.springframework.boot.test.context.SpringBootTestArgs@1, org.springframework.boot.test.context.SpringBootTestWebEnvironment@2eea88a1], resourceBasePath = 'src/main/webapp', contextLoader = 'org.springframework.boot.test.context.SpringBootContextLoader', parent = [null]], attributes = map['org.springframework.test.context.web.ServletTestExecutionListener.activateListener' -> true, 'org.springframework.test.context.web.ServletTestExecutionListener.populatedRequestContextHolder' -> true, 'org.springframework.test.context.web.ServletTestExecutionListener.resetRequestContextHolder' -> true, 'org.springframework.test.context.event.ApplicationEventsTestExecutionListener.recordApplicationEvents' -> false]]
2022-11-13 15:16:22.628  INFO 41132 --- [    Test worker] o.s.t.c.transaction.TransactionContext   : Began transaction (1) for test context [DefaultTestContext@73418044 testClass = BugsChartServiceTest, testInstance = KMC.KoreaMusicChart.service.Chart.BugsChartServiceTest@633dce39, testMethod = 날짜와_시각으로_차트정보_조회@BugsChartServiceTest, testException = [null], mergedContextConfiguration = [WebMergedContextConfiguration@52b2713a testClass = BugsChartServiceTest, locations = '{}', classes = '{class KMC.KoreaMusicChart.KoreaMusicChartApplication}', contextInitializerClasses = '[]', activeProfiles = '{}', propertySourceLocations = '{}', propertySourceProperties = '{org.springframework.boot.test.context.SpringBootTestContextBootstrapper=true}', contextCustomizers = set[org.springframework.boot.test.autoconfigure.actuate.metrics.MetricsExportContextCustomizerFactory$DisableMetricExportContextCustomizer@4212a0c8, org.springframework.boot.test.autoconfigure.properties.PropertyMappingContextCustomizer@0, org.springframework.boot.test.autoconfigure.web.servlet.WebDriverContextCustomizerFactory$Customizer@4189d70b, org.springframework.boot.test.context.filter.ExcludeFilterContextCustomizer@320de594, org.springframework.boot.test.json.DuplicateJsonObjectContextCustomizerFactory$DuplicateJsonObjectContextCustomizer@2974f221, org.springframework.boot.test.mock.mockito.MockitoContextCustomizer@0, org.springframework.boot.test.web.client.TestRestTemplateContextCustomizer@5dd91bca, org.springframework.boot.test.context.SpringBootTestArgs@1, org.springframework.boot.test.context.SpringBootTestWebEnvironment@2eea88a1], resourceBasePath = 'src/main/webapp', contextLoader = 'org.springframework.boot.test.context.SpringBootContextLoader', parent = [null]], attributes = map['org.springframework.test.context.web.ServletTestExecutionListener.activateListener' -> true, 'org.springframework.test.context.web.ServletTestExecutionListener.populatedRequestContextHolder' -> true, 'org.springframework.test.context.web.ServletTestExecutionListener.resetRequestContextHolder' -> true, 'org.springframework.test.context.event.ApplicationEventsTestExecutionListener.recordApplicationEvents' -> false]]; transaction manager [org.springframework.orm.jpa.JpaTransactionManager@294b045b]; rollback [true]
2022-11-13 15:16:22.629 DEBUG 41132 --- [    Test worker] org.hibernate.SQL                        : 
    select
        bugssong0_.bugs_song_id as bugs_son1_3_,
        bugssong0_.album as album2_3_,
        bugssong0_.bugs_id as bugs_id3_3_,
        bugssong0_.image_url as image_ur4_3_,
        bugssong0_.name as name5_3_ 
    from
        bugs_song bugssong0_ 
    where
        bugssong0_.name=? 
        and bugssong0_.album=?
2022-11-13 15:16:22.712 DEBUG 41132 --- [    Test worker] org.hibernate.SQL                        : 
    select
        next_val as id_val 
    from
        hibernate_sequence for update
            
2022-11-13 15:16:22.755 DEBUG 41132 --- [    Test worker] org.hibernate.SQL                        : 
    update
        hibernate_sequence 
    set
        next_val= ? 
    where
        next_val=?
2022-11-13 15:16:22.886 DEBUG 41132 --- [    Test worker] org.hibernate.SQL                        : 
    insert 
    into
        bugs_song
        (album, bugs_id, image_url, name, bugs_song_id) 
    values
        (?, ?, ?, ?, ?)
2022-11-13 15:16:22.928 DEBUG 41132 --- [    Test worker] org.hibernate.SQL                        : 
    select
        bugssong0_.bugs_song_id as bugs_son1_3_,
        bugssong0_.album as album2_3_,
        bugssong0_.bugs_id as bugs_id3_3_,
        bugssong0_.image_url as image_ur4_3_,
        bugssong0_.name as name5_3_ 
    from
        bugs_song bugssong0_ 
    where
        bugssong0_.name=? 
        and bugssong0_.album=?
2022-11-13 15:16:23.011 DEBUG 41132 --- [    Test worker] org.hibernate.SQL                        : 
    select
        next_val as id_val 
    from
        hibernate_sequence for update
            
2022-11-13 15:16:23.054 DEBUG 41132 --- [    Test worker] org.hibernate.SQL                        : 
    update
        hibernate_sequence 
    set
        next_val= ? 
    where
        next_val=?
2022-11-13 15:16:23.186 DEBUG 41132 --- [    Test worker] org.hibernate.SQL                        : 
    insert 
    into
        bugs_song
        (album, bugs_id, image_url, name, bugs_song_id) 
    values
        (?, ?, ?, ?, ?)
2022-11-13 15:16:23.228 DEBUG 41132 --- [    Test worker] org.hibernate.SQL                        : 
    select
        bugssong0_.bugs_song_id as bugs_son1_3_,
        bugssong0_.album as album2_3_,
        bugssong0_.bugs_id as bugs_id3_3_,
        bugssong0_.image_url as image_ur4_3_,
        bugssong0_.name as name5_3_ 
    from
        bugs_song bugssong0_ 
    where
        bugssong0_.name=? 
        and bugssong0_.album=?
2022-11-13 15:16:23.310 DEBUG 41132 --- [    Test worker] org.hibernate.SQL                        : 
    select
        next_val as id_val 
    from
        hibernate_sequence for update
            
2022-11-13 15:16:23.352 DEBUG 41132 --- [    Test worker] org.hibernate.SQL                        : 
    update
        hibernate_sequence 
    set
        next_val= ? 
    where
        next_val=?
2022-11-13 15:16:23.486 DEBUG 41132 --- [    Test worker] org.hibernate.SQL                        : 
    insert 
    into
        bugs_song
        (album, bugs_id, image_url, name, bugs_song_id) 
    values
        (?, ?, ?, ?, ?)
2022-11-13 15:16:23.528 DEBUG 41132 --- [    Test worker] org.hibernate.SQL                        : 
    select
        bugssong0_.bugs_song_id as bugs_son1_3_,
        bugssong0_.album as album2_3_,
        bugssong0_.bugs_id as bugs_id3_3_,
        bugssong0_.image_url as image_ur4_3_,
        bugssong0_.name as name5_3_ 
    from
        bugs_song bugssong0_ 
    where
        bugssong0_.name=? 
        and bugssong0_.album=?
2022-11-13 15:16:23.612 DEBUG 41132 --- [    Test worker] org.hibernate.SQL                        : 
    select
        next_val as id_val 
    from
        hibernate_sequence for update
            
2022-11-13 15:16:23.654 DEBUG 41132 --- [    Test worker] org.hibernate.SQL                        : 
    update
        hibernate_sequence 
    set
        next_val= ? 
    where
        next_val=?
2022-11-13 15:16:23.787 DEBUG 41132 --- [    Test worker] org.hibernate.SQL                        : 
    select
        bugschart0_.bugs_chart_id as bugs_cha1_2_,
        bugschart0_.bugs_song_id as bugs_son5_2_,
        bugschart0_.cur_rank as cur_rank2_2_,
        bugschart0_.date_time as date_tim3_2_,
        bugschart0_.prev_rank as prev_ran4_2_ 
    from
        bugs_chart bugschart0_ 
    where
        bugschart0_.date_time=? 
        and bugschart0_.cur_rank=?
2022-11-13 15:16:23.870 DEBUG 41132 --- [    Test worker] org.hibernate.SQL                        : 
    select
        next_val as id_val 
    from
        hibernate_sequence for update
            
2022-11-13 15:16:23.912 DEBUG 41132 --- [    Test worker] org.hibernate.SQL                        : 
    update
        hibernate_sequence 
    set
        next_val= ? 
    where
        next_val=?
2022-11-13 15:16:24.044 DEBUG 41132 --- [    Test worker] org.hibernate.SQL                        : 
    insert 
    into
        bugs_song
        (album, bugs_id, image_url, name, bugs_song_id) 
    values
        (?, ?, ?, ?, ?)
2022-11-13 15:16:24.085 DEBUG 41132 --- [    Test worker] org.hibernate.SQL                        : 
    insert 
    into
        bugs_chart
        (bugs_song_id, cur_rank, date_time, prev_rank, bugs_chart_id) 
    values
        (?, ?, ?, ?, ?)
2022-11-13 15:16:24.126 DEBUG 41132 --- [    Test worker] org.hibernate.SQL                        : 
    select
        bugschart0_.bugs_chart_id as bugs_cha1_2_,
        bugschart0_.bugs_song_id as bugs_son5_2_,
        bugschart0_.cur_rank as cur_rank2_2_,
        bugschart0_.date_time as date_tim3_2_,
        bugschart0_.prev_rank as prev_ran4_2_ 
    from
        bugs_chart bugschart0_ 
    where
        bugschart0_.date_time=? 
        and bugschart0_.cur_rank=?
2022-11-13 15:16:24.210 DEBUG 41132 --- [    Test worker] org.hibernate.SQL                        : 
    select
        next_val as id_val 
    from
        hibernate_sequence for update
            
2022-11-13 15:16:24.251 DEBUG 41132 --- [    Test worker] org.hibernate.SQL                        : 
    update
        hibernate_sequence 
    set
        next_val= ? 
    where
        next_val=?
2022-11-13 15:16:24.382 DEBUG 41132 --- [    Test worker] org.hibernate.SQL                        : 
    insert 
    into
        bugs_chart
        (bugs_song_id, cur_rank, date_time, prev_rank, bugs_chart_id) 
    values
        (?, ?, ?, ?, ?)
2022-11-13 15:16:24.425 DEBUG 41132 --- [    Test worker] org.hibernate.SQL                        : 
    select
        bugschart0_.bugs_chart_id as bugs_cha1_2_,
        bugschart0_.bugs_song_id as bugs_son5_2_,
        bugschart0_.cur_rank as cur_rank2_2_,
        bugschart0_.date_time as date_tim3_2_,
        bugschart0_.prev_rank as prev_ran4_2_ 
    from
        bugs_chart bugschart0_ 
    where
        bugschart0_.date_time=? 
        and bugschart0_.cur_rank=?
2022-11-13 15:16:24.508 DEBUG 41132 --- [    Test worker] org.hibernate.SQL                        : 
    select
        next_val as id_val 
    from
        hibernate_sequence for update
            
2022-11-13 15:16:24.551 DEBUG 41132 --- [    Test worker] org.hibernate.SQL                        : 
    update
        hibernate_sequence 
    set
        next_val= ? 
    where
        next_val=?
2022-11-13 15:16:24.682 DEBUG 41132 --- [    Test worker] org.hibernate.SQL                        : 
    insert 
    into
        bugs_chart
        (bugs_song_id, cur_rank, date_time, prev_rank, bugs_chart_id) 
    values
        (?, ?, ?, ?, ?)
2022-11-13 15:16:24.723 DEBUG 41132 --- [    Test worker] org.hibernate.SQL                        : 
    select
        bugschart0_.bugs_chart_id as bugs_cha1_2_,
        bugschart0_.bugs_song_id as bugs_son5_2_,
        bugschart0_.cur_rank as cur_rank2_2_,
        bugschart0_.date_time as date_tim3_2_,
        bugschart0_.prev_rank as prev_ran4_2_ 
    from
        bugs_chart bugschart0_ 
    where
        bugschart0_.date_time=? 
        and bugschart0_.cur_rank=?
2022-11-13 15:16:24.806 DEBUG 41132 --- [    Test worker] org.hibernate.SQL                        : 
    select
        next_val as id_val 
    from
        hibernate_sequence for update
            
2022-11-13 15:16:24.848 DEBUG 41132 --- [    Test worker] org.hibernate.SQL                        : 
    update
        hibernate_sequence 
    set
        next_val= ? 
    where
        next_val=?
2022-11-13 15:16:24.982 DEBUG 41132 --- [    Test worker] org.hibernate.SQL                        : 
    insert 
    into
        bugs_chart
        (bugs_song_id, cur_rank, date_time, prev_rank, bugs_chart_id) 
    values
        (?, ?, ?, ?, ?)
2022-11-13 15:16:25.024 DEBUG 41132 --- [    Test worker] org.hibernate.SQL                        : 
    select
        bugschart0_.bugs_chart_id as bugs_cha1_2_,
        bugschart0_.bugs_song_id as bugs_son5_2_,
        bugschart0_.cur_rank as cur_rank2_2_,
        bugschart0_.date_time as date_tim3_2_,
        bugschart0_.prev_rank as prev_ran4_2_ 
    from
        bugs_chart bugschart0_ 
    where
        bugschart0_.date_time=? 
        and bugschart0_.cur_rank=?
2022-11-13 15:16:25.107 DEBUG 41132 --- [    Test worker] org.hibernate.SQL                        : 
    select
        next_val as id_val 
    from
        hibernate_sequence for update
            
2022-11-13 15:16:25.148 DEBUG 41132 --- [    Test worker] org.hibernate.SQL                        : 
    update
        hibernate_sequence 
    set
        next_val= ? 
    where
        next_val=?
2022-11-13 15:16:25.281 DEBUG 41132 --- [    Test worker] org.hibernate.SQL                        : 
    insert 
    into
        bugs_chart
        (bugs_song_id, cur_rank, date_time, prev_rank, bugs_chart_id) 
    values
        (?, ?, ?, ?, ?)
2022-11-13 15:16:25.324 DEBUG 41132 --- [    Test worker] org.hibernate.SQL                        : 
    select
        bugschart0_.bugs_chart_id as bugs_cha1_2_,
        bugschart0_.bugs_song_id as bugs_son5_2_,
        bugschart0_.cur_rank as cur_rank2_2_,
        bugschart0_.date_time as date_tim3_2_,
        bugschart0_.prev_rank as prev_ran4_2_ 
    from
        bugs_chart bugschart0_ 
    where
        bugschart0_.date_time=?
2022-11-13 15:16:25.367 DEBUG 41132 --- [    Test worker] org.hibernate.SQL                        : 
    select
        bugschart0_.bugs_chart_id as bugs_cha1_2_,
        bugschart0_.bugs_song_id as bugs_son5_2_,
        bugschart0_.cur_rank as cur_rank2_2_,
        bugschart0_.date_time as date_tim3_2_,
        bugschart0_.prev_rank as prev_ran4_2_ 
    from
        bugs_chart bugschart0_ 
    where
        bugschart0_.date_time=?
2022-11-13 15:16:25.492  INFO 41132 --- [    Test worker] o.s.t.c.transaction.TransactionContext   : Rolled back transaction for test: [DefaultTestContext@73418044 testClass = BugsChartServiceTest, testInstance = KMC.KoreaMusicChart.service.Chart.BugsChartServiceTest@633dce39, testMethod = 날짜와_시각으로_차트정보_조회@BugsChartServiceTest, testException = [null], mergedContextConfiguration = [WebMergedContextConfiguration@52b2713a testClass = BugsChartServiceTest, locations = '{}', classes = '{class KMC.KoreaMusicChart.KoreaMusicChartApplication}', contextInitializerClasses = '[]', activeProfiles = '{}', propertySourceLocations = '{}', propertySourceProperties = '{org.springframework.boot.test.context.SpringBootTestContextBootstrapper=true}', contextCustomizers = set[org.springframework.boot.test.autoconfigure.actuate.metrics.MetricsExportContextCustomizerFactory$DisableMetricExportContextCustomizer@4212a0c8, org.springframework.boot.test.autoconfigure.properties.PropertyMappingContextCustomizer@0, org.springframework.boot.test.autoconfigure.web.servlet.WebDriverContextCustomizerFactory$Customizer@4189d70b, org.springframework.boot.test.context.filter.ExcludeFilterContextCustomizer@320de594, org.springframework.boot.test.json.DuplicateJsonObjectContextCustomizerFactory$DuplicateJsonObjectContextCustomizer@2974f221, org.springframework.boot.test.mock.mockito.MockitoContextCustomizer@0, org.springframework.boot.test.web.client.TestRestTemplateContextCustomizer@5dd91bca, org.springframework.boot.test.context.SpringBootTestArgs@1, org.springframework.boot.test.context.SpringBootTestWebEnvironment@2eea88a1], resourceBasePath = 'src/main/webapp', contextLoader = 'org.springframework.boot.test.context.SpringBootContextLoader', parent = [null]], attributes = map['org.springframework.test.context.web.ServletTestExecutionListener.activateListener' -> true, 'org.springframework.test.context.web.ServletTestExecutionListener.populatedRequestContextHolder' -> true, 'org.springframework.test.context.web.ServletTestExecutionListener.resetRequestContextHolder' -> true, 'org.springframework.test.context.event.ApplicationEventsTestExecutionListener.recordApplicationEvents' -> false]]
2022-11-13 15:16:25.534  INFO 41132 --- [    Test worker] o.s.t.c.transaction.TransactionContext   : Began transaction (1) for test context [DefaultTestContext@73418044 testClass = BugsChartServiceTest, testInstance = KMC.KoreaMusicChart.service.Chart.BugsChartServiceTest@7510824, testMethod = 차트정보저장@BugsChartServiceTest, testException = [null], mergedContextConfiguration = [WebMergedContextConfiguration@52b2713a testClass = BugsChartServiceTest, locations = '{}', classes = '{class KMC.KoreaMusicChart.KoreaMusicChartApplication}', contextInitializerClasses = '[]', activeProfiles = '{}', propertySourceLocations = '{}', propertySourceProperties = '{org.springframework.boot.test.context.SpringBootTestContextBootstrapper=true}', contextCustomizers = set[org.springframework.boot.test.autoconfigure.actuate.metrics.MetricsExportContextCustomizerFactory$DisableMetricExportContextCustomizer@4212a0c8, org.springframework.boot.test.autoconfigure.properties.PropertyMappingContextCustomizer@0, org.springframework.boot.test.autoconfigure.web.servlet.WebDriverContextCustomizerFactory$Customizer@4189d70b, org.springframework.boot.test.context.filter.ExcludeFilterContextCustomizer@320de594, org.springframework.boot.test.json.DuplicateJsonObjectContextCustomizerFactory$DuplicateJsonObjectContextCustomizer@2974f221, org.springframework.boot.test.mock.mockito.MockitoContextCustomizer@0, org.springframework.boot.test.web.client.TestRestTemplateContextCustomizer@5dd91bca, org.springframework.boot.test.context.SpringBootTestArgs@1, org.springframework.boot.test.context.SpringBootTestWebEnvironment@2eea88a1], resourceBasePath = 'src/main/webapp', contextLoader = 'org.springframework.boot.test.context.SpringBootContextLoader', parent = [null]], attributes = map['org.springframework.test.context.web.ServletTestExecutionListener.activateListener' -> true, 'org.springframework.test.context.web.ServletTestExecutionListener.populatedRequestContextHolder' -> true, 'org.springframework.test.context.web.ServletTestExecutionListener.resetRequestContextHolder' -> true, 'org.springframework.test.context.event.ApplicationEventsTestExecutionListener.recordApplicationEvents' -> false]]; transaction manager [org.springframework.orm.jpa.JpaTransactionManager@294b045b]; rollback [true]
2022-11-13 15:16:25.536 DEBUG 41132 --- [    Test worker] org.hibernate.SQL                        : 
    select
        bugssong0_.bugs_song_id as bugs_son1_3_,
        bugssong0_.album as album2_3_,
        bugssong0_.bugs_id as bugs_id3_3_,
        bugssong0_.image_url as image_ur4_3_,
        bugssong0_.name as name5_3_ 
    from
        bugs_song bugssong0_ 
    where
        bugssong0_.name=? 
        and bugssong0_.album=?
2022-11-13 15:16:25.620 DEBUG 41132 --- [    Test worker] org.hibernate.SQL                        : 
    select
        next_val as id_val 
    from
        hibernate_sequence for update
            
2022-11-13 15:16:25.660 DEBUG 41132 --- [    Test worker] org.hibernate.SQL                        : 
    update
        hibernate_sequence 
    set
        next_val= ? 
    where
        next_val=?
2022-11-13 15:16:25.789 DEBUG 41132 --- [    Test worker] org.hibernate.SQL                        : 
    select
        bugschart0_.bugs_chart_id as bugs_cha1_2_,
        bugschart0_.bugs_song_id as bugs_son5_2_,
        bugschart0_.cur_rank as cur_rank2_2_,
        bugschart0_.date_time as date_tim3_2_,
        bugschart0_.prev_rank as prev_ran4_2_ 
    from
        bugs_chart bugschart0_ 
    where
        bugschart0_.date_time=? 
        and bugschart0_.cur_rank=?
2022-11-13 15:16:25.868 DEBUG 41132 --- [    Test worker] org.hibernate.SQL                        : 
    select
        next_val as id_val 
    from
        hibernate_sequence for update
            
2022-11-13 15:16:25.909 DEBUG 41132 --- [    Test worker] org.hibernate.SQL                        : 
    update
        hibernate_sequence 
    set
        next_val= ? 
    where
        next_val=?
2022-11-13 15:16:26.126  INFO 41132 --- [    Test worker] o.s.t.c.transaction.TransactionContext   : Rolled back transaction for test: [DefaultTestContext@73418044 testClass = BugsChartServiceTest, testInstance = KMC.KoreaMusicChart.service.Chart.BugsChartServiceTest@7510824, testMethod = 차트정보저장@BugsChartServiceTest, testException = [null], mergedContextConfiguration = [WebMergedContextConfiguration@52b2713a testClass = BugsChartServiceTest, locations = '{}', classes = '{class KMC.KoreaMusicChart.KoreaMusicChartApplication}', contextInitializerClasses = '[]', activeProfiles = '{}', propertySourceLocations = '{}', propertySourceProperties = '{org.springframework.boot.test.context.SpringBootTestContextBootstrapper=true}', contextCustomizers = set[org.springframework.boot.test.autoconfigure.actuate.metrics.MetricsExportContextCustomizerFactory$DisableMetricExportContextCustomizer@4212a0c8, org.springframework.boot.test.autoconfigure.properties.PropertyMappingContextCustomizer@0, org.springframework.boot.test.autoconfigure.web.servlet.WebDriverContextCustomizerFactory$Customizer@4189d70b, org.springframework.boot.test.context.filter.ExcludeFilterContextCustomizer@320de594, org.springframework.boot.test.json.DuplicateJsonObjectContextCustomizerFactory$DuplicateJsonObjectContextCustomizer@2974f221, org.springframework.boot.test.mock.mockito.MockitoContextCustomizer@0, org.springframework.boot.test.web.client.TestRestTemplateContextCustomizer@5dd91bca, org.springframework.boot.test.context.SpringBootTestArgs@1, org.springframework.boot.test.context.SpringBootTestWebEnvironment@2eea88a1], resourceBasePath = 'src/main/webapp', contextLoader = 'org.springframework.boot.test.context.SpringBootContextLoader', parent = [null]], attributes = map['org.springframework.test.context.web.ServletTestExecutionListener.activateListener' -> true, 'org.springframework.test.context.web.ServletTestExecutionListener.populatedRequestContextHolder' -> true, 'org.springframework.test.context.web.ServletTestExecutionListener.resetRequestContextHolder' -> true, 'org.springframework.test.context.event.ApplicationEventsTestExecutionListener.recordApplicationEvents' -> false]]
]]></system-out>
  <system-err><![CDATA[]]></system-err>
</testsuite>
