<?xml version="1.0" encoding="UTF-8"?>
<testsuite name="KMC.KoreaMusicChart.service.Song.GenieSongServiceTest" tests="3" skipped="0" failures="0" errors="0" timestamp="2022-11-13T06:16:43" hostname="nagyeong-aui-MacBookPro.local" time="1.594">
  <properties/>
  <testcase name="곡등록" classname="KMC.KoreaMusicChart.service.Song.GenieSongServiceTest" time="0.376"/>
  <testcase name="이름과앨범으로찾기" classname="KMC.KoreaMusicChart.service.Song.GenieSongServiceTest" time="0.753"/>
  <testcase name="중복_곡_예외" classname="KMC.KoreaMusicChart.service.Song.GenieSongServiceTest" time="0.463"/>
  <system-out><![CDATA[2022-11-13 15:16:43.103  INFO 41132 --- [    Test worker] o.s.t.c.transaction.TransactionContext   : Began transaction (1) for test context [DefaultTestContext@78c34153 testClass = GenieSongServiceTest, testInstance = KMC.KoreaMusicChart.service.Song.GenieSongServiceTest@1b079e81, testMethod = 곡등록@GenieSongServiceTest, testException = [null], mergedContextConfiguration = [WebMergedContextConfiguration@1fae388c testClass = GenieSongServiceTest, locations = '{}', classes = '{class KMC.KoreaMusicChart.KoreaMusicChartApplication}', contextInitializerClasses = '[]', activeProfiles = '{}', propertySourceLocations = '{}', propertySourceProperties = '{org.springframework.boot.test.context.SpringBootTestContextBootstrapper=true}', contextCustomizers = set[org.springframework.boot.test.autoconfigure.actuate.metrics.MetricsExportContextCustomizerFactory$DisableMetricExportContextCustomizer@4212a0c8, org.springframework.boot.test.autoconfigure.properties.PropertyMappingContextCustomizer@0, org.springframework.boot.test.autoconfigure.web.servlet.WebDriverContextCustomizerFactory$Customizer@4189d70b, org.springframework.boot.test.context.filter.ExcludeFilterContextCustomizer@320de594, org.springframework.boot.test.json.DuplicateJsonObjectContextCustomizerFactory$DuplicateJsonObjectContextCustomizer@2974f221, org.springframework.boot.test.mock.mockito.MockitoContextCustomizer@0, org.springframework.boot.test.web.client.TestRestTemplateContextCustomizer@5dd91bca, org.springframework.boot.test.context.SpringBootTestArgs@1, org.springframework.boot.test.context.SpringBootTestWebEnvironment@2eea88a1], resourceBasePath = 'src/main/webapp', contextLoader = 'org.springframework.boot.test.context.SpringBootContextLoader', parent = [null]], attributes = map['org.springframework.test.context.web.ServletTestExecutionListener.activateListener' -> true, 'org.springframework.test.context.web.ServletTestExecutionListener.populatedRequestContextHolder' -> true, 'org.springframework.test.context.web.ServletTestExecutionListener.resetRequestContextHolder' -> true, 'org.springframework.test.context.event.ApplicationEventsTestExecutionListener.recordApplicationEvents' -> false]]; transaction manager [org.springframework.orm.jpa.JpaTransactionManager@294b045b]; rollback [true]
2022-11-13 15:16:43.105 DEBUG 41132 --- [    Test worker] org.hibernate.SQL                        : 
    select
        geniesong0_.genie_song_id as genie_so1_12_,
        geniesong0_.album as album2_12_,
        geniesong0_.genie_id as genie_id3_12_,
        geniesong0_.image_url as image_ur4_12_,
        geniesong0_.name as name5_12_ 
    from
        genie_song geniesong0_ 
    where
        geniesong0_.name=? 
        and geniesong0_.album=?
2022-11-13 15:16:43.185 DEBUG 41132 --- [    Test worker] org.hibernate.SQL                        : 
    select
        next_val as id_val 
    from
        hibernate_sequence for update
            
2022-11-13 15:16:43.226 DEBUG 41132 --- [    Test worker] org.hibernate.SQL                        : 
    update
        hibernate_sequence 
    set
        next_val= ? 
    where
        next_val=?
2022-11-13 15:16:43.438  INFO 41132 --- [    Test worker] o.s.t.c.transaction.TransactionContext   : Rolled back transaction for test: [DefaultTestContext@78c34153 testClass = GenieSongServiceTest, testInstance = KMC.KoreaMusicChart.service.Song.GenieSongServiceTest@1b079e81, testMethod = 곡등록@GenieSongServiceTest, testException = [null], mergedContextConfiguration = [WebMergedContextConfiguration@1fae388c testClass = GenieSongServiceTest, locations = '{}', classes = '{class KMC.KoreaMusicChart.KoreaMusicChartApplication}', contextInitializerClasses = '[]', activeProfiles = '{}', propertySourceLocations = '{}', propertySourceProperties = '{org.springframework.boot.test.context.SpringBootTestContextBootstrapper=true}', contextCustomizers = set[org.springframework.boot.test.autoconfigure.actuate.metrics.MetricsExportContextCustomizerFactory$DisableMetricExportContextCustomizer@4212a0c8, org.springframework.boot.test.autoconfigure.properties.PropertyMappingContextCustomizer@0, org.springframework.boot.test.autoconfigure.web.servlet.WebDriverContextCustomizerFactory$Customizer@4189d70b, org.springframework.boot.test.context.filter.ExcludeFilterContextCustomizer@320de594, org.springframework.boot.test.json.DuplicateJsonObjectContextCustomizerFactory$DuplicateJsonObjectContextCustomizer@2974f221, org.springframework.boot.test.mock.mockito.MockitoContextCustomizer@0, org.springframework.boot.test.web.client.TestRestTemplateContextCustomizer@5dd91bca, org.springframework.boot.test.context.SpringBootTestArgs@1, org.springframework.boot.test.context.SpringBootTestWebEnvironment@2eea88a1], resourceBasePath = 'src/main/webapp', contextLoader = 'org.springframework.boot.test.context.SpringBootContextLoader', parent = [null]], attributes = map['org.springframework.test.context.web.ServletTestExecutionListener.activateListener' -> true, 'org.springframework.test.context.web.ServletTestExecutionListener.populatedRequestContextHolder' -> true, 'org.springframework.test.context.web.ServletTestExecutionListener.resetRequestContextHolder' -> true, 'org.springframework.test.context.event.ApplicationEventsTestExecutionListener.recordApplicationEvents' -> false]]
2022-11-13 15:16:43.480  INFO 41132 --- [    Test worker] o.s.t.c.transaction.TransactionContext   : Began transaction (1) for test context [DefaultTestContext@78c34153 testClass = GenieSongServiceTest, testInstance = KMC.KoreaMusicChart.service.Song.GenieSongServiceTest@7df1fc5a, testMethod = 이름과앨범으로찾기@GenieSongServiceTest, testException = [null], mergedContextConfiguration = [WebMergedContextConfiguration@1fae388c testClass = GenieSongServiceTest, locations = '{}', classes = '{class KMC.KoreaMusicChart.KoreaMusicChartApplication}', contextInitializerClasses = '[]', activeProfiles = '{}', propertySourceLocations = '{}', propertySourceProperties = '{org.springframework.boot.test.context.SpringBootTestContextBootstrapper=true}', contextCustomizers = set[org.springframework.boot.test.autoconfigure.actuate.metrics.MetricsExportContextCustomizerFactory$DisableMetricExportContextCustomizer@4212a0c8, org.springframework.boot.test.autoconfigure.properties.PropertyMappingContextCustomizer@0, org.springframework.boot.test.autoconfigure.web.servlet.WebDriverContextCustomizerFactory$Customizer@4189d70b, org.springframework.boot.test.context.filter.ExcludeFilterContextCustomizer@320de594, org.springframework.boot.test.json.DuplicateJsonObjectContextCustomizerFactory$DuplicateJsonObjectContextCustomizer@2974f221, org.springframework.boot.test.mock.mockito.MockitoContextCustomizer@0, org.springframework.boot.test.web.client.TestRestTemplateContextCustomizer@5dd91bca, org.springframework.boot.test.context.SpringBootTestArgs@1, org.springframework.boot.test.context.SpringBootTestWebEnvironment@2eea88a1], resourceBasePath = 'src/main/webapp', contextLoader = 'org.springframework.boot.test.context.SpringBootContextLoader', parent = [null]], attributes = map['org.springframework.test.context.web.ServletTestExecutionListener.activateListener' -> true, 'org.springframework.test.context.web.ServletTestExecutionListener.populatedRequestContextHolder' -> true, 'org.springframework.test.context.web.ServletTestExecutionListener.resetRequestContextHolder' -> true, 'org.springframework.test.context.event.ApplicationEventsTestExecutionListener.recordApplicationEvents' -> false]]; transaction manager [org.springframework.orm.jpa.JpaTransactionManager@294b045b]; rollback [true]
2022-11-13 15:16:43.485 DEBUG 41132 --- [    Test worker] org.hibernate.SQL                        : 
    select
        geniesong0_.genie_song_id as genie_so1_12_,
        geniesong0_.album as album2_12_,
        geniesong0_.genie_id as genie_id3_12_,
        geniesong0_.image_url as image_ur4_12_,
        geniesong0_.name as name5_12_ 
    from
        genie_song geniesong0_ 
    where
        geniesong0_.name=? 
        and geniesong0_.album=?
2022-11-13 15:16:43.570 DEBUG 41132 --- [    Test worker] org.hibernate.SQL                        : 
    select
        next_val as id_val 
    from
        hibernate_sequence for update
            
2022-11-13 15:16:43.609 DEBUG 41132 --- [    Test worker] org.hibernate.SQL                        : 
    update
        hibernate_sequence 
    set
        next_val= ? 
    where
        next_val=?
2022-11-13 15:16:43.738 DEBUG 41132 --- [    Test worker] org.hibernate.SQL                        : 
    insert 
    into
        genie_song
        (album, genie_id, image_url, name, genie_song_id) 
    values
        (?, ?, ?, ?, ?)
2022-11-13 15:16:43.778 DEBUG 41132 --- [    Test worker] org.hibernate.SQL                        : 
    select
        geniesong0_.genie_song_id as genie_so1_12_,
        geniesong0_.album as album2_12_,
        geniesong0_.genie_id as genie_id3_12_,
        geniesong0_.image_url as image_ur4_12_,
        geniesong0_.name as name5_12_ 
    from
        genie_song geniesong0_ 
    where
        geniesong0_.name=? 
        and geniesong0_.album=?
2022-11-13 15:16:43.857 DEBUG 41132 --- [    Test worker] org.hibernate.SQL                        : 
    select
        next_val as id_val 
    from
        hibernate_sequence for update
            
2022-11-13 15:16:43.899 DEBUG 41132 --- [    Test worker] org.hibernate.SQL                        : 
    update
        hibernate_sequence 
    set
        next_val= ? 
    where
        next_val=?
2022-11-13 15:16:44.028 DEBUG 41132 --- [    Test worker] org.hibernate.SQL                        : 
    insert 
    into
        genie_song
        (album, genie_id, image_url, name, genie_song_id) 
    values
        (?, ?, ?, ?, ?)
2022-11-13 15:16:44.068 DEBUG 41132 --- [    Test worker] org.hibernate.SQL                        : 
    select
        geniesong0_.genie_song_id as genie_so1_12_,
        geniesong0_.album as album2_12_,
        geniesong0_.genie_id as genie_id3_12_,
        geniesong0_.image_url as image_ur4_12_,
        geniesong0_.name as name5_12_ 
    from
        genie_song geniesong0_ 
    where
        geniesong0_.name=? 
        and geniesong0_.album=?
2022-11-13 15:16:44.193  INFO 41132 --- [    Test worker] o.s.t.c.transaction.TransactionContext   : Rolled back transaction for test: [DefaultTestContext@78c34153 testClass = GenieSongServiceTest, testInstance = KMC.KoreaMusicChart.service.Song.GenieSongServiceTest@7df1fc5a, testMethod = 이름과앨범으로찾기@GenieSongServiceTest, testException = [null], mergedContextConfiguration = [WebMergedContextConfiguration@1fae388c testClass = GenieSongServiceTest, locations = '{}', classes = '{class KMC.KoreaMusicChart.KoreaMusicChartApplication}', contextInitializerClasses = '[]', activeProfiles = '{}', propertySourceLocations = '{}', propertySourceProperties = '{org.springframework.boot.test.context.SpringBootTestContextBootstrapper=true}', contextCustomizers = set[org.springframework.boot.test.autoconfigure.actuate.metrics.MetricsExportContextCustomizerFactory$DisableMetricExportContextCustomizer@4212a0c8, org.springframework.boot.test.autoconfigure.properties.PropertyMappingContextCustomizer@0, org.springframework.boot.test.autoconfigure.web.servlet.WebDriverContextCustomizerFactory$Customizer@4189d70b, org.springframework.boot.test.context.filter.ExcludeFilterContextCustomizer@320de594, org.springframework.boot.test.json.DuplicateJsonObjectContextCustomizerFactory$DuplicateJsonObjectContextCustomizer@2974f221, org.springframework.boot.test.mock.mockito.MockitoContextCustomizer@0, org.springframework.boot.test.web.client.TestRestTemplateContextCustomizer@5dd91bca, org.springframework.boot.test.context.SpringBootTestArgs@1, org.springframework.boot.test.context.SpringBootTestWebEnvironment@2eea88a1], resourceBasePath = 'src/main/webapp', contextLoader = 'org.springframework.boot.test.context.SpringBootContextLoader', parent = [null]], attributes = map['org.springframework.test.context.web.ServletTestExecutionListener.activateListener' -> true, 'org.springframework.test.context.web.ServletTestExecutionListener.populatedRequestContextHolder' -> true, 'org.springframework.test.context.web.ServletTestExecutionListener.resetRequestContextHolder' -> true, 'org.springframework.test.context.event.ApplicationEventsTestExecutionListener.recordApplicationEvents' -> false]]
2022-11-13 15:16:44.236  INFO 41132 --- [    Test worker] o.s.t.c.transaction.TransactionContext   : Began transaction (1) for test context [DefaultTestContext@78c34153 testClass = GenieSongServiceTest, testInstance = KMC.KoreaMusicChart.service.Song.GenieSongServiceTest@6c65a7fc, testMethod = 중복_곡_예외@GenieSongServiceTest, testException = [null], mergedContextConfiguration = [WebMergedContextConfiguration@1fae388c testClass = GenieSongServiceTest, locations = '{}', classes = '{class KMC.KoreaMusicChart.KoreaMusicChartApplication}', contextInitializerClasses = '[]', activeProfiles = '{}', propertySourceLocations = '{}', propertySourceProperties = '{org.springframework.boot.test.context.SpringBootTestContextBootstrapper=true}', contextCustomizers = set[org.springframework.boot.test.autoconfigure.actuate.metrics.MetricsExportContextCustomizerFactory$DisableMetricExportContextCustomizer@4212a0c8, org.springframework.boot.test.autoconfigure.properties.PropertyMappingContextCustomizer@0, org.springframework.boot.test.autoconfigure.web.servlet.WebDriverContextCustomizerFactory$Customizer@4189d70b, org.springframework.boot.test.context.filter.ExcludeFilterContextCustomizer@320de594, org.springframework.boot.test.json.DuplicateJsonObjectContextCustomizerFactory$DuplicateJsonObjectContextCustomizer@2974f221, org.springframework.boot.test.mock.mockito.MockitoContextCustomizer@0, org.springframework.boot.test.web.client.TestRestTemplateContextCustomizer@5dd91bca, org.springframework.boot.test.context.SpringBootTestArgs@1, org.springframework.boot.test.context.SpringBootTestWebEnvironment@2eea88a1], resourceBasePath = 'src/main/webapp', contextLoader = 'org.springframework.boot.test.context.SpringBootContextLoader', parent = [null]], attributes = map['org.springframework.test.context.web.ServletTestExecutionListener.activateListener' -> true, 'org.springframework.test.context.web.ServletTestExecutionListener.populatedRequestContextHolder' -> true, 'org.springframework.test.context.web.ServletTestExecutionListener.resetRequestContextHolder' -> true, 'org.springframework.test.context.event.ApplicationEventsTestExecutionListener.recordApplicationEvents' -> false]]; transaction manager [org.springframework.orm.jpa.JpaTransactionManager@294b045b]; rollback [true]
2022-11-13 15:16:44.237 DEBUG 41132 --- [    Test worker] org.hibernate.SQL                        : 
    select
        geniesong0_.genie_song_id as genie_so1_12_,
        geniesong0_.album as album2_12_,
        geniesong0_.genie_id as genie_id3_12_,
        geniesong0_.image_url as image_ur4_12_,
        geniesong0_.name as name5_12_ 
    from
        genie_song geniesong0_ 
    where
        geniesong0_.name=? 
        and geniesong0_.album=?
2022-11-13 15:16:44.319 DEBUG 41132 --- [    Test worker] org.hibernate.SQL                        : 
    select
        next_val as id_val 
    from
        hibernate_sequence for update
            
2022-11-13 15:16:44.362 DEBUG 41132 --- [    Test worker] org.hibernate.SQL                        : 
    update
        hibernate_sequence 
    set
        next_val= ? 
    where
        next_val=?
2022-11-13 15:16:44.491 DEBUG 41132 --- [    Test worker] org.hibernate.SQL                        : 
    insert 
    into
        genie_song
        (album, genie_id, image_url, name, genie_song_id) 
    values
        (?, ?, ?, ?, ?)
2022-11-13 15:16:44.531 DEBUG 41132 --- [    Test worker] org.hibernate.SQL                        : 
    select
        geniesong0_.genie_song_id as genie_so1_12_,
        geniesong0_.album as album2_12_,
        geniesong0_.genie_id as genie_id3_12_,
        geniesong0_.image_url as image_ur4_12_,
        geniesong0_.name as name5_12_ 
    from
        genie_song geniesong0_ 
    where
        geniesong0_.name=? 
        and geniesong0_.album=?
2022-11-13 15:16:44.657  INFO 41132 --- [    Test worker] o.s.t.c.transaction.TransactionContext   : Rolled back transaction for test: [DefaultTestContext@78c34153 testClass = GenieSongServiceTest, testInstance = KMC.KoreaMusicChart.service.Song.GenieSongServiceTest@6c65a7fc, testMethod = 중복_곡_예외@GenieSongServiceTest, testException = [null], mergedContextConfiguration = [WebMergedContextConfiguration@1fae388c testClass = GenieSongServiceTest, locations = '{}', classes = '{class KMC.KoreaMusicChart.KoreaMusicChartApplication}', contextInitializerClasses = '[]', activeProfiles = '{}', propertySourceLocations = '{}', propertySourceProperties = '{org.springframework.boot.test.context.SpringBootTestContextBootstrapper=true}', contextCustomizers = set[org.springframework.boot.test.autoconfigure.actuate.metrics.MetricsExportContextCustomizerFactory$DisableMetricExportContextCustomizer@4212a0c8, org.springframework.boot.test.autoconfigure.properties.PropertyMappingContextCustomizer@0, org.springframework.boot.test.autoconfigure.web.servlet.WebDriverContextCustomizerFactory$Customizer@4189d70b, org.springframework.boot.test.context.filter.ExcludeFilterContextCustomizer@320de594, org.springframework.boot.test.json.DuplicateJsonObjectContextCustomizerFactory$DuplicateJsonObjectContextCustomizer@2974f221, org.springframework.boot.test.mock.mockito.MockitoContextCustomizer@0, org.springframework.boot.test.web.client.TestRestTemplateContextCustomizer@5dd91bca, org.springframework.boot.test.context.SpringBootTestArgs@1, org.springframework.boot.test.context.SpringBootTestWebEnvironment@2eea88a1], resourceBasePath = 'src/main/webapp', contextLoader = 'org.springframework.boot.test.context.SpringBootContextLoader', parent = [null]], attributes = map['org.springframework.test.context.web.ServletTestExecutionListener.activateListener' -> true, 'org.springframework.test.context.web.ServletTestExecutionListener.populatedRequestContextHolder' -> true, 'org.springframework.test.context.web.ServletTestExecutionListener.resetRequestContextHolder' -> true, 'org.springframework.test.context.event.ApplicationEventsTestExecutionListener.recordApplicationEvents' -> false]]
]]></system-out>
  <system-err><![CDATA[]]></system-err>
</testsuite>
